#
# A fatal error has been detected by the Java Runtime Environment:
#
#  EXCEPTION_ACCESS_VIOLATION (0xc0000005) at pc=0x000000005bdfebfe, pid=13064, tid=0x0000000000001f84
#
# JRE version: OpenJDK Runtime Environment (8.0_152-b03) (build 1.8.0_152-release-1136-b03)
# Java VM: OpenJDK 64-Bit Server VM (25.152-b03 mixed mode windows-amd64 compressed oops)
# Problematic frame:
# V  [jvm.dll+0x48ebfe]
#
# Failed to write core dump. Minidumps are not enabled by default on client versions of Windows
#
# If you would like to submit a bug report, please visit:
#   http://bugreport.java.com/bugreport/crash.jsp
#

---------------  T H R E A D  ---------------

Current thread (0x0000000016b0a000):  JavaThread "C2 CompilerThread2" daemon [_thread_in_native, id=8068, stack(0x00000000193c0000,0x00000000194c0000)]

siginfo: ExceptionCode=0xc0000005, reading address 0xffffffffffffffff

Registers:
RAX=0x000000001adcdba2, RBX=0xd6c8000000001adc, RCX=0x0000000000000000, RDX=0x00000000202809c0
RSP=0x00000000194bbb80, RBP=0x0000000000000006, RSI=0x00000000000003d3, RDI=0x00000000194bbc98
R8 =0x0000000000000032, R9 =0x0000000000000080, R10=0x00000000194bc080, R11=0x00000000222ee890
R12=0x0000000000000001, R13=0x000000001adcd628, R14=0x00000000194bbc28, R15=0x00000000194bbc48
RIP=0x000000005bdfebfe, EFLAGS=0x0000000000010203

Top of Stack: (sp=0x00000000194bbb80)
0x00000000194bbb80:   000000001adca368 00000000000003d1
0x00000000194bbb90:   0000000000000001 0000000000000160
0x00000000194bbba0:   00000000194bca58 000000005be32020
0x00000000194bbbb0:   000000001cbd3fa0 0000000016af54e0
0x00000000194bbbc0:   000000001e623f20 00000000194bbcf0
0x00000000194bbbd0:   0000000016af54e0 0000000000000001
0x00000000194bbbe0:   00000000194bc080 000000005be00b13
0x00000000194bbbf0:   00000000194bc080 0000000000000001
0x00000000194bbc00:   0000000000000004 00000000194bbc98
0x00000000194bbc10:   000000001cbd3ff0 000000001cbdbf88
0x00000000194bbc20:   00000000000c0180 0000000016af54e0
0x00000000194bbc30:   0000000000000400 00000000222e8c30
0x00000000194bbc40:   00000000000003d4 000000005bfa80d8
0x00000000194bbc50:   0000000016af54e0 0000000000000080
0x00000000194bbc60:   00000000202809c0 0000000000000001
0x00000000194bbc70:   000000001cbd3fa0 0000000016af54e0 

Instructions: (pc=0x000000005bdfebfe)
0x000000005bdfebde:   33 e4 89 8c 24 80 00 00 00 44 3b e1 0f 83 6e 01
0x000000005bdfebee:   00 00 49 8b 45 10 41 8b cc 41 ff c4 48 8b 1c c8
0x000000005bdfebfe:   8b 43 28 41 3b 42 28 73 0d 8b c8 49 8b 42 30 48
0x000000005bdfec0e:   83 3c c8 00 75 3c 48 83 7b 10 00 74 35 49 8d b2 


Register to memory mapping:

RAX=0x000000001adcdba2 is an unknown value
RBX=0xd6c8000000001adc is an unknown value
RCX=0x0000000000000000 is an unknown value
RDX=0x00000000202809c0 is an unknown value
RSP=0x00000000194bbb80 is pointing into the stack for thread: 0x0000000016b0a000
RBP=0x0000000000000006 is an unknown value
RSI=0x00000000000003d3 is an unknown value
RDI=0x00000000194bbc98 is pointing into the stack for thread: 0x0000000016b0a000
R8 =0x0000000000000032 is an unknown value
R9 =0x0000000000000080 is an unknown value
R10=0x00000000194bc080 is pointing into the stack for thread: 0x0000000016b0a000
R11=0x00000000222ee890 is an unknown value
R12=0x0000000000000001 is an unknown value
R13=0x000000001adcd628 is an unknown value
R14=0x00000000194bbc28 is pointing into the stack for thread: 0x0000000016b0a000
R15=0x00000000194bbc48 is pointing into the stack for thread: 0x0000000016b0a000


Stack: [0x00000000193c0000,0x00000000194c0000],  sp=0x00000000194bbb80,  free space=1006k
Native frames: (J=compiled Java code, j=interpreted, Vv=VM code, C=native code)
V  [jvm.dll+0x48ebfe]
V  [jvm.dll+0x490b13]
V  [jvm.dll+0x4413d0]
V  [jvm.dll+0x4421d2]
V  [jvm.dll+0x4252c2]
V  [jvm.dll+0x813d8]
V  [jvm.dll+0x81d0f]
V  [jvm.dll+0x21d41f]
V  [jvm.dll+0x26d9aa]
C  [msvcr100.dll+0x21d9f]
C  [msvcr100.dll+0x21e3b]
C  [KERNEL32.DLL+0x13034]
C  [ntdll.dll+0x71551]


Current CompileTask:
C2:   9294 4931       4       groovy.lang.MetaClassImpl$1MOPIter::methodNameAction (479 bytes)


---------------  P R O C E S S  ---------------

Java Threads: ( => current thread )
  0x000000001dec9000 JavaThread "Memory manager" [_thread_blocked, id=13792, stack(0x0000000024680000,0x0000000024780000)]
  0x000000001deca800 JavaThread "pool-1-thread-1" [_thread_blocked, id=11752, stack(0x0000000024410000,0x0000000024510000)]
  0x000000001deca000 JavaThread "Build operations Thread 8" [_thread_blocked, id=8328, stack(0x0000000024310000,0x0000000024410000)]
  0x000000001dec8800 JavaThread "Build operations Thread 7" [_thread_blocked, id=2736, stack(0x0000000024210000,0x0000000024310000)]
  0x000000001c650800 JavaThread "Build operations Thread 6" [_thread_blocked, id=13152, stack(0x0000000024110000,0x0000000024210000)]
  0x000000001c650000 JavaThread "Build operations Thread 5" [_thread_blocked, id=8064, stack(0x0000000022da0000,0x0000000022ea0000)]
  0x000000001c656800 JavaThread "Build operations Thread 4" [_thread_blocked, id=17116, stack(0x00000000229f0000,0x0000000022af0000)]
  0x000000001c656000 JavaThread "Build operations Thread 3" [_thread_blocked, id=15056, stack(0x0000000021850000,0x0000000021950000)]
  0x000000001c653000 JavaThread "Build operations Thread 2" [_thread_blocked, id=19268, stack(0x0000000021410000,0x0000000021510000)]
  0x000000001c652000 JavaThread "Build operations" [_thread_blocked, id=6000, stack(0x0000000021310000,0x0000000021410000)]
  0x000000001c655000 JavaThread "Cache worker for Artifact transforms cache (C:\Users\cngz\.gradle\caches\transforms-1)" [_thread_blocked, id=18724, stack(0x000000001fb70000,0x000000001fc70000)]
  0x000000001cfdc800 JavaThread "Cache worker for file hash cache (D:\Google Drive\Software\Android\Imsakiye\.gradle\4.6\fileHashes)" [_thread_blocked, id=6780, stack(0x000000001e4a0000,0x000000001e5a0000)]
  0x000000001aacc000 JavaThread "File lock request listener" [_thread_in_native, id=13568, stack(0x000000001d3d0000,0x000000001d4d0000)]
  0x000000001ac07800 JavaThread "Cache worker for file hash cache (C:\Users\cngz\.gradle\caches\4.6\fileHashes)" [_thread_blocked, id=1816, stack(0x000000001d2d0000,0x000000001d3d0000)]
  0x000000001aa63800 JavaThread "Stdin handler" [_thread_blocked, id=18504, stack(0x000000001bf00000,0x000000001c000000)]
  0x000000001aa63000 JavaThread "Asynchronous log dispatcher for DefaultDaemonConnection: socket connection from /127.0.0.1:61765 to /127.0.0.1:61766" [_thread_blocked, id=13156, stack(0x000000001be00000,0x000000001bf00000)]
  0x000000001aa60800 JavaThread "Daemon worker" [_thread_in_vm, id=6512, stack(0x000000001bd00000,0x000000001be00000)]
  0x000000001aa74000 JavaThread "Cancel handler" [_thread_blocked, id=8516, stack(0x000000001bc00000,0x000000001bd00000)]
  0x000000001a9b4000 JavaThread "Handler for socket connection from /127.0.0.1:61765 to /127.0.0.1:61766" [_thread_in_native, id=19344, stack(0x000000001b900000,0x000000001ba00000)]
  0x000000001a9b0800 JavaThread "Daemon" [_thread_blocked, id=14284, stack(0x000000001b800000,0x000000001b900000)]
  0x000000001a95b800 JavaThread "Daemon periodic checks" [_thread_blocked, id=10996, stack(0x000000001b700000,0x000000001b800000)]
  0x000000001a938000 JavaThread "Incoming local TCP Connector on port 61765" [_thread_in_native, id=8784, stack(0x000000001b4d0000,0x000000001b5d0000)]
  0x0000000018a98800 JavaThread "Service Thread" daemon [_thread_blocked, id=13556, stack(0x00000000195c0000,0x00000000196c0000)]
  0x0000000016b0e800 JavaThread "C1 CompilerThread3" daemon [_thread_blocked, id=8364, stack(0x00000000194c0000,0x00000000195c0000)]
=>0x0000000016b0a000 JavaThread "C2 CompilerThread2" daemon [_thread_in_native, id=8068, stack(0x00000000193c0000,0x00000000194c0000)]
  0x0000000018a00800 JavaThread "C2 CompilerThread1" daemon [_thread_in_native, id=7724, stack(0x00000000192c0000,0x00000000193c0000)]
  0x00000000189fe800 JavaThread "C2 CompilerThread0" daemon [_thread_in_native, id=2000, stack(0x00000000191c0000,0x00000000192c0000)]
  0x00000000189fd000 JavaThread "Attach Listener" daemon [_thread_blocked, id=18588, stack(0x00000000190c0000,0x00000000191c0000)]
  0x00000000189fc000 JavaThread "Signal Dispatcher" daemon [_thread_blocked, id=13184, stack(0x0000000018fc0000,0x00000000190c0000)]
  0x00000000189f0800 JavaThread "Finalizer" daemon [_thread_blocked, id=10516, stack(0x0000000018dd0000,0x0000000018ed0000)]
  0x0000000002ca7000 JavaThread "Reference Handler" daemon [_thread_blocked, id=17488, stack(0x00000000188d0000,0x00000000189d0000)]
  0x0000000002d3e000 JavaThread "main" [_thread_blocked, id=18416, stack(0x0000000002a20000,0x0000000002b20000)]

Other Threads:
  0x0000000016af5800 VMThread [stack: 0x00000000187d0000,0x00000000188d0000] [id=14060]
  0x0000000018aa1000 WatcherThread [stack: 0x00000000196c0000,0x00000000197c0000] [id=7308]

VM state:not at safepoint (normal execution)

VM Mutex/Monitor currently owned by a thread: None

Heap:
 PSYoungGen      total 174592K, used 39413K [0x00000000e0000000, 0x00000000f2380000, 0x0000000100000000)
  eden space 160768K, 15% used [0x00000000e0000000,0x00000000e1905438,0x00000000e9d00000)
  from space 13824K, 99% used [0x00000000e9d00000,0x00000000eaa783a0,0x00000000eaa80000)
  to   space 16896K, 0% used [0x00000000f1300000,0x00000000f1300000,0x00000000f2380000)
 ParOldGen       total 139776K, used 19095K [0x00000000a0000000, 0x00000000a8880000, 0x00000000e0000000)
  object space 139776K, 13% used [0x00000000a0000000,0x00000000a12a5dc8,0x00000000a8880000)
 Metaspace       used 49891K, capacity 51402K, committed 51544K, reserved 1093632K
  class space    used 6790K, capacity 7241K, committed 7256K, reserved 1048576K

Card table byte_map: [0x0000000012100000,0x0000000012410000] byte_map_base: 0x0000000011c00000

Marking Bits: (ParMarkBitMap*) 0x000000005c135aa0
 Begin Bits: [0x0000000012e10000, 0x0000000014610000)
 End Bits:   [0x0000000014610000, 0x0000000015e10000)

Polling page: 0x00000000009f0000

CodeCache: size=245760Kb used=16428Kb max_used=16429Kb free=229331Kb
 bounds [0x0000000002d40000, 0x0000000003d60000, 0x0000000011d40000]
 total_blobs=5388 nmethods=4632 adapters=668
 compilation: enabled

Compilation events (10 events):
Event: 9.264 Thread 0x0000000016b0e800 nmethod 4979 0x0000000003d49390 code [0x0000000003d496a0, 0x0000000003d4b118]
Event: 9.264 Thread 0x0000000016b0e800 4981       3       java.lang.invoke.MethodHandleNatives::refKindIsMethod (19 bytes)
Event: 9.264 Thread 0x0000000016b0e800 nmethod 4981 0x0000000003d36410 code [0x0000000003d36580, 0x0000000003d36810]
Event: 9.264 Thread 0x0000000016b0e800 4980       3       java.lang.invoke.MethodHandles$Lookup::checkMethod (83 bytes)
Event: 9.265 Thread 0x0000000016b0e800 nmethod 4980 0x0000000003d353d0 code [0x0000000003d355a0, 0x0000000003d35fd8]
Event: 9.265 Thread 0x0000000016b0e800 4982       3       sun.invoke.util.VerifyAccess::isTypeVisible (49 bytes)
Event: 9.266 Thread 0x0000000016b0e800 nmethod 4982 0x0000000003d4ba50 code [0x0000000003d4bbe0, 0x0000000003d4c128]
Event: 9.266 Thread 0x0000000016b0e800 4983       3       org.gradle.api.Task$Namer::determineName (9 bytes)
Event: 9.266 Thread 0x0000000016b0e800 nmethod 4983 0x0000000003d4c350 code [0x0000000003d4c4c0, 0x0000000003d4c850]
Event: 9.266 Thread 0x0000000016b0e800 4984       3       org.gradle.api.Task$Namer::determineName (7 bytes)

GC Heap History (10 events):
Event: 4.948 GC heap before
{Heap before GC invocations=5 (full 1):
 PSYoungGen      total 76288K, used 65536K [0x00000000e0000000, 0x00000000e9500000, 0x0000000100000000)
  eden space 65536K, 100% used [0x00000000e0000000,0x00000000e4000000,0x00000000e4000000)
  from space 10752K, 0% used [0x00000000e4000000,0x00000000e4000000,0x00000000e4a80000)
  to   space 10752K, 0% used [0x00000000e8a80000,0x00000000e8a80000,0x00000000e9500000)
 ParOldGen       total 101376K, used 8593K [0x00000000a0000000, 0x00000000a6300000, 0x00000000e0000000)
  object space 101376K, 8% used [0x00000000a0000000,0x00000000a08645c0,0x00000000a6300000)
 Metaspace       used 25959K, capacity 26458K, committed 26624K, reserved 1073152K
  class space    used 3643K, capacity 3803K, committed 3840K, reserved 1048576K
Event: 4.955 GC heap after
Heap after GC invocations=5 (full 1):
 PSYoungGen      total 110080K, used 6565K [0x00000000e0000000, 0x00000000e9100000, 0x0000000100000000)
  eden space 103424K, 0% used [0x00000000e0000000,0x00000000e0000000,0x00000000e6500000)
  from space 6656K, 98% used [0x00000000e8a80000,0x00000000e90e94e0,0x00000000e9100000)
  to   space 10752K, 0% used [0x00000000e7c00000,0x00000000e7c00000,0x00000000e8680000)
 ParOldGen       total 101376K, used 8601K [0x00000000a0000000, 0x00000000a6300000, 0x00000000e0000000)
  object space 101376K, 8% used [0x00000000a0000000,0x00000000a08665c0,0x00000000a6300000)
 Metaspace       used 25959K, capacity 26458K, committed 26624K, reserved 1073152K
  class space    used 3643K, capacity 3803K, committed 3840K, reserved 1048576K
}
Event: 6.470 GC heap before
{Heap before GC invocations=6 (full 1):
 PSYoungGen      total 110080K, used 109989K [0x00000000e0000000, 0x00000000e9100000, 0x0000000100000000)
  eden space 103424K, 100% used [0x00000000e0000000,0x00000000e6500000,0x00000000e6500000)
  from space 6656K, 98% used [0x00000000e8a80000,0x00000000e90e94e0,0x00000000e9100000)
  to   space 10752K, 0% used [0x00000000e7c00000,0x00000000e7c00000,0x00000000e8680000)
 ParOldGen       total 101376K, used 8601K [0x00000000a0000000, 0x00000000a6300000, 0x00000000e0000000)
  object space 101376K, 8% used [0x00000000a0000000,0x00000000a08665c0,0x00000000a6300000)
 Metaspace       used 33293K, capacity 34242K, committed 34560K, reserved 1079296K
  class space    used 4691K, capacity 4995K, committed 5120K, reserved 1048576K
Event: 6.480 GC heap after
Heap after GC invocations=6 (full 1):
 PSYoungGen      total 137728K, used 10723K [0x00000000e0000000, 0x00000000eb880000, 0x0000000100000000)
  eden space 126976K, 0% used [0x00000000e0000000,0x00000000e0000000,0x00000000e7c00000)
  from space 10752K, 99% used [0x00000000e7c00000,0x00000000e8678c88,0x00000000e8680000)
  to   space 14336K, 0% used [0x00000000eaa80000,0x00000000eaa80000,0x00000000eb880000)
 ParOldGen       total 101376K, used 11429K [0x00000000a0000000, 0x00000000a6300000, 0x00000000e0000000)
  object space 101376K, 11% used [0x00000000a0000000,0x00000000a0b294f8,0x00000000a6300000)
 Metaspace       used 33293K, capacity 34242K, committed 34560K, reserved 1079296K
  class space    used 4691K, capacity 4995K, committed 5120K, reserved 1048576K
}
Event: 6.575 GC heap before
{Heap before GC invocations=7 (full 1):
 PSYoungGen      total 137728K, used 17325K [0x00000000e0000000, 0x00000000eb880000, 0x0000000100000000)
  eden space 126976K, 5% used [0x00000000e0000000,0x00000000e0672b68,0x00000000e7c00000)
  from space 10752K, 99% used [0x00000000e7c00000,0x00000000e8678c88,0x00000000e8680000)
  to   space 14336K, 0% used [0x00000000eaa80000,0x00000000eaa80000,0x00000000eb880000)
 ParOldGen       total 101376K, used 11429K [0x00000000a0000000, 0x00000000a6300000, 0x00000000e0000000)
  object space 101376K, 11% used [0x00000000a0000000,0x00000000a0b294f8,0x00000000a6300000)
 Metaspace       used 34347K, capacity 35284K, committed 35416K, reserved 1079296K
  class space    used 4832K, capacity 5151K, committed 5208K, reserved 1048576K
Event: 6.585 GC heap after
Heap after GC invocations=7 (full 1):
 PSYoungGen      total 175104K, used 9245K [0x00000000e0000000, 0x00000000ef880000, 0x0000000100000000)
  eden space 160768K, 0% used [0x00000000e0000000,0x00000000e0000000,0x00000000e9d00000)
  from space 14336K, 64% used [0x00000000eaa80000,0x00000000eb387648,0x00000000eb880000)
  to   space 13824K, 0% used [0x00000000e9d00000,0x00000000e9d00000,0x00000000eaa80000)
 ParOldGen       total 101376K, used 11437K [0x00000000a0000000, 0x00000000a6300000, 0x00000000e0000000)
  object space 101376K, 11% used [0x00000000a0000000,0x00000000a0b2b4f8,0x00000000a6300000)
 Metaspace       used 34347K, capacity 35284K, committed 35416K, reserved 1079296K
  class space    used 4832K, capacity 5151K, committed 5208K, reserved 1048576K
}
Event: 6.585 GC heap before
{Heap before GC invocations=8 (full 2):
 PSYoungGen      total 175104K, used 9245K [0x00000000e0000000, 0x00000000ef880000, 0x0000000100000000)
  eden space 160768K, 0% used [0x00000000e0000000,0x00000000e0000000,0x00000000e9d00000)
  from space 14336K, 64% used [0x00000000eaa80000,0x00000000eb387648,0x00000000eb880000)
  to   space 13824K, 0% used [0x00000000e9d00000,0x00000000e9d00000,0x00000000eaa80000)
 ParOldGen       total 101376K, used 11437K [0x00000000a0000000, 0x00000000a6300000, 0x00000000e0000000)
  object space 101376K, 11% used [0x00000000a0000000,0x00000000a0b2b4f8,0x00000000a6300000)
 Metaspace       used 34347K, capacity 35284K, committed 35416K, reserved 1079296K
  class space    used 4832K, capacity 5151K, committed 5208K, reserved 1048576K
Event: 6.629 GC heap after
Heap after GC invocations=8 (full 2):
 PSYoungGen      total 175104K, used 0K [0x00000000e0000000, 0x00000000ef880000, 0x0000000100000000)
  eden space 160768K, 0% used [0x00000000e0000000,0x00000000e0000000,0x00000000e9d00000)
  from space 14336K, 0% used [0x00000000eaa80000,0x00000000eaa80000,0x00000000eb880000)
  to   space 13824K, 0% used [0x00000000e9d00000,0x00000000e9d00000,0x00000000eaa80000)
 ParOldGen       total 139776K, used 15877K [0x00000000a0000000, 0x00000000a8880000, 0x00000000e0000000)
  object space 139776K, 11% used [0x00000000a0000000,0x00000000a0f81690,0x00000000a8880000)
 Metaspace       used 34347K, capacity 35284K, committed 35416K, reserved 1079296K
  class space    used 4832K, capacity 5151K, committed 5208K, reserved 1048576K
}
Event: 8.768 GC heap before
{Heap before GC invocations=9 (full 2):
 PSYoungGen      total 175104K, used 160768K [0x00000000e0000000, 0x00000000ef880000, 0x0000000100000000)
  eden space 160768K, 100% used [0x00000000e0000000,0x00000000e9d00000,0x00000000e9d00000)
  from space 14336K, 0% used [0x00000000eaa80000,0x00000000eaa80000,0x00000000eb880000)
  to   space 13824K, 0% used [0x00000000e9d00000,0x00000000e9d00000,0x00000000eaa80000)
 ParOldGen       total 139776K, used 15877K [0x00000000a0000000, 0x00000000a8880000, 0x00000000e0000000)
  object space 139776K, 11% used [0x00000000a0000000,0x00000000a0f81690,0x00000000a8880000)
 Metaspace       used 47430K, capacity 48696K, committed 48984K, reserved 1091584K
  class space    used 6486K, capacity 6902K, committed 7000K, reserved 1048576K
Event: 8.786 GC heap after
Heap after GC invocations=9 (full 2):
 PSYoungGen      total 174592K, used 13792K [0x00000000e0000000, 0x00000000f2380000, 0x0000000100000000)
  eden space 160768K, 0% used [0x00000000e0000000,0x00000000e0000000,0x00000000e9d00000)
  from space 13824K, 99% used [0x00000000e9d00000,0x00000000eaa783a0,0x00000000eaa80000)
  to   space 16896K, 0% used [0x00000000f1300000,0x00000000f1300000,0x00000000f2380000)
 ParOldGen       total 139776K, used 19095K [0x00000000a0000000, 0x00000000a8880000, 0x00000000e0000000)
  object space 139776K, 13% used [0x00000000a0000000,0x00000000a12a5dc8,0x00000000a8880000)
 Metaspace       used 47430K, capacity 48696K, committed 48984K, reserved 1091584K
  class space    used 6486K, capacity 6902K, committed 7000K, reserved 1048576K
}

Deoptimization events (10 events):
Event: 7.353 Thread 0x000000001aa60800 Uncommon trap: reason=unstable_if action=reinterpret pc=0x00000000037cd4c0 method=java.util.LinkedHashMap.get(Ljava/lang/Object;)Ljava/lang/Object; @ 20
Event: 7.409 Thread 0x000000001aa60800 Uncommon trap: reason=unstable_if action=reinterpret pc=0x000000000360afb8 method=org.objectweb.asm.ByteVector.putUTF8(Ljava/lang/String;)Lorg/objectweb/asm/ByteVector; @ 91
Event: 7.530 Thread 0x000000001aa60800 Uncommon trap: reason=unstable_if action=reinterpret pc=0x00000000034dddf0 method=org.objectweb.asm.ByteVector.putUTF8(Ljava/lang/String;)Lorg/objectweb/asm/ByteVector; @ 91
Event: 8.514 Thread 0x000000001aa60800 Uncommon trap: reason=unstable_if action=reinterpret pc=0x00000000032e4e90 method=java.io.DataInputStream.readUTF(Ljava/io/DataInput;)Ljava/lang/String; @ 31
Event: 8.660 Thread 0x000000001aa60800 Uncommon trap: reason=unstable_if action=reinterpret pc=0x0000000003994a80 method=java.util.regex.Pattern$BmpCharProperty.match(Ljava/util/regex/Matcher;ILjava/lang/CharSequence;)Z @ 34
Event: 8.660 Thread 0x000000001aa60800 Uncommon trap: reason=unstable_if action=reinterpret pc=0x00000000034f9f28 method=java.util.regex.Pattern$BmpCharProperty.match(Ljava/util/regex/Matcher;ILjava/lang/CharSequence;)Z @ 34
Event: 8.726 Thread 0x000000001aa60800 Uncommon trap: reason=unstable_if action=reinterpret pc=0x00000000039917b8 method=java.util.regex.Pattern$BitClass.isSatisfiedBy(I)Z @ 4
Event: 8.991 Thread 0x000000001aa60800 Uncommon trap: reason=unstable_if action=reinterpret pc=0x0000000003c690f4 method=com.sun.org.apache.xerces.internal.impl.XMLEntityScanner.checkBeforeLoad(Lcom/sun/xml/internal/stream/Entity$ScannedEntity;II)I @ 18
Event: 8.993 Thread 0x000000001aa60800 Uncommon trap: reason=unstable_if action=reinterpret pc=0x0000000003c28bc0 method=com.sun.org.apache.xerces.internal.impl.XMLEntityScanner.scanContent(Lcom/sun/org/apache/xerces/internal/xni/XMLString;)I @ 44
Event: 9.069 Thread 0x000000001aa60800 Uncommon trap: reason=unstable_if action=reinterpret pc=0x0000000002f8d988 method=java.lang.CharacterData.of(I)Ljava/lang/CharacterData; @ 4

Classes redefined (0 events):
No events

Internal exceptions (10 events):
Event: 8.958 Thread 0x000000001aa60800 Exception <a 'sun/nio/fs/WindowsException'> (0x00000000e0b06468) thrown at [D:\src\AOSP-openjdk-cygwin\jdk8u\hotspot\src\share\vm\prims\jni.cpp, line 709]
Event: 8.958 Thread 0x000000001aa60800 Exception <a 'sun/nio/fs/WindowsException'> (0x00000000e0b09198) thrown at [D:\src\AOSP-openjdk-cygwin\jdk8u\hotspot\src\share\vm\prims\jni.cpp, line 709]
Event: 8.958 Thread 0x000000001aa60800 Exception <a 'sun/nio/fs/WindowsException'> (0x00000000e0b09de8) thrown at [D:\src\AOSP-openjdk-cygwin\jdk8u\hotspot\src\share\vm\prims\jni.cpp, line 709]
Event: 8.958 Thread 0x000000001aa60800 Exception <a 'sun/nio/fs/WindowsException'> (0x00000000e0b0ba78) thrown at [D:\src\AOSP-openjdk-cygwin\jdk8u\hotspot\src\share\vm\prims\jni.cpp, line 709]
Event: 8.958 Thread 0x000000001aa60800 Exception <a 'sun/nio/fs/WindowsException'> (0x00000000e0b0c700) thrown at [D:\src\AOSP-openjdk-cygwin\jdk8u\hotspot\src\share\vm\prims\jni.cpp, line 709]
Event: 9.030 Thread 0x000000001aa60800 Exception <a 'java/lang/NoSuchMethodError': java.lang.Object.lambda$comparing$77a9974f$1(Ljava/util/function/Function;Ljava/lang/Object;Ljava/lang/Object;)I> (0x00000000e0cc7ac0) thrown at [D:\src\AOSP-openjdk-cygwin\jdk8u\hotspot\src\share\vm\interpreter
Event: 9.031 Thread 0x000000001aa60800 Exception <a 'java/lang/NoSuchMethodError': java.lang.Object.lambda$thenComparing$36697e65$1(Ljava/util/Comparator;Ljava/lang/Object;Ljava/lang/Object;)I> (0x00000000e0cd3140) thrown at [D:\src\AOSP-openjdk-cygwin\jdk8u\hotspot\src\share\vm\interpreter\li
Event: 9.053 Thread 0x000000001aa60800 Exception <a 'java/lang/NoSuchMethodError': java.lang.Object.lambda$maxBy$1(Ljava/util/Comparator;Ljava/lang/Object;Ljava/lang/Object;)Ljava/lang/Object;> (0x00000000e0e2f770) thrown at [D:\src\AOSP-openjdk-cygwin\jdk8u\hotspot\src\share\vm\interpreter\li
Event: 9.184 Thread 0x000000001aa60800 Exception <a 'java/lang/ClassNotFoundException': org/gradle/api/plugins/BasePluginConventionBeanInfo> (0x00000000e152c988) thrown at [D:\src\AOSP-openjdk-cygwin\jdk8u\hotspot\src\share\vm\classfile\systemDictionary.cpp, line 210]
Event: 9.185 Thread 0x000000001aa60800 Exception <a 'java/lang/ClassNotFoundException': org/gradle/api/plugins/BasePluginConventionCustomizer> (0x00000000e15512d8) thrown at [D:\src\AOSP-openjdk-cygwin\jdk8u\hotspot\src\share\vm\classfile\systemDictionary.cpp, line 210]

Events (10 events):
Event: 9.265 loading class com/android/build/gradle/internal/VariantManager done
Event: 9.265 loading class org/gradle/api/DefaultTask
Event: 9.265 loading class org/gradle/api/DefaultTask done
Event: 9.266 loading class org/gradle/api/Action
Event: 9.266 loading class org/gradle/api/Action done
Event: 9.266 loading class com/android/build/gradle/internal/BuildTypeData
Event: 9.266 loading class com/android/build/gradle/internal/BuildTypeData done
Event: 9.266 loading class org/gradle/api/Task
Event: 9.266 loading class org/gradle/api/Task done
Event: 9.266 loading class com/android/build/gradle/internal/BuildTypeData


Dynamic libraries:
0x00007ff7af5b0000 - 0x00007ff7af5e1000 	C:\Program Files\Android\android-studio-canary\jre\bin\java.exe
0x00007ffa1e2e0000 - 0x00007ffa1e4c1000 	C:\WINDOWS\SYSTEM32\ntdll.dll
0x00007ffa1be90000 - 0x00007ffa1bf42000 	C:\WINDOWS\System32\KERNEL32.DLL
0x00007ffa1aa80000 - 0x00007ffa1acf3000 	C:\WINDOWS\System32\KERNELBASE.dll
0x00007ffa1c330000 - 0x00007ffa1c3d1000 	C:\WINDOWS\System32\ADVAPI32.dll
0x00007ffa1c1c0000 - 0x00007ffa1c25e000 	C:\WINDOWS\System32\msvcrt.dll
0x00007ffa1c2c0000 - 0x00007ffa1c31b000 	C:\WINDOWS\System32\sechost.dll
0x00007ffa1b770000 - 0x00007ffa1b894000 	C:\WINDOWS\System32\RPCRT4.dll
0x00007ffa1b8a0000 - 0x00007ffa1ba30000 	C:\WINDOWS\System32\USER32.dll
0x00007ffa1aef0000 - 0x00007ffa1af10000 	C:\WINDOWS\System32\win32u.dll
0x00007ffa1c510000 - 0x00007ffa1c538000 	C:\WINDOWS\System32\GDI32.dll
0x00007ffa1ad00000 - 0x00007ffa1ae92000 	C:\WINDOWS\System32\gdi32full.dll
0x00007ffa1b620000 - 0x00007ffa1b6bf000 	C:\WINDOWS\System32\msvcp_win.dll
0x00007ffa1a980000 - 0x00007ffa1aa7a000 	C:\WINDOWS\System32\ucrtbase.dll
0x00007ffa109b0000 - 0x00007ffa10c19000 	C:\WINDOWS\WinSxS\amd64_microsoft.windows.common-controls_6595b64144ccf1df_6.0.17134.48_none_b4b2216a3cb4dd3e\COMCTL32.dll
0x00007ffa1df80000 - 0x00007ffa1e2a3000 	C:\WINDOWS\System32\combase.dll
0x00007ffa1a710000 - 0x00007ffa1a78a000 	C:\WINDOWS\System32\bcryptPrimitives.dll
0x00007ffa1c3e0000 - 0x00007ffa1c40d000 	C:\WINDOWS\System32\IMM32.DLL
0x000000005b890000 - 0x000000005b962000 	C:\Program Files\Android\android-studio-canary\jre\jre\bin\msvcr100.dll
0x000000005b970000 - 0x000000005c1b1000 	C:\Program Files\Android\android-studio-canary\jre\jre\bin\server\jvm.dll
0x00007ffa1c320000 - 0x00007ffa1c328000 	C:\WINDOWS\System32\PSAPI.DLL
0x00007ffa15880000 - 0x00007ffa158a3000 	C:\WINDOWS\SYSTEM32\WINMM.dll
0x00007ffa13ed0000 - 0x00007ffa13ed9000 	C:\WINDOWS\SYSTEM32\WSOCK32.dll
0x00007ffa1bf50000 - 0x00007ffa1bfbc000 	C:\WINDOWS\System32\WS2_32.dll
0x00007ffa15850000 - 0x00007ffa1587a000 	C:\WINDOWS\SYSTEM32\WINMMBASE.dll
0x00007ffa17f30000 - 0x00007ffa17f3a000 	C:\WINDOWS\SYSTEM32\VERSION.dll
0x00007ffa1aea0000 - 0x00007ffa1aee9000 	C:\WINDOWS\System32\cfgmgr32.dll
0x00007ffa17ba0000 - 0x00007ffa17baf000 	C:\Program Files\Android\android-studio-canary\jre\jre\bin\verify.dll
0x00007ffa158b0000 - 0x00007ffa158d9000 	C:\Program Files\Android\android-studio-canary\jre\jre\bin\java.dll
0x00007ffa13ee0000 - 0x00007ffa13ef6000 	C:\Program Files\Android\android-studio-canary\jre\jre\bin\zip.dll
0x00007ffa1cb40000 - 0x00007ffa1df80000 	C:\WINDOWS\System32\SHELL32.dll
0x00007ffa1bb20000 - 0x00007ffa1bbc9000 	C:\WINDOWS\System32\shcore.dll
0x00007ffa1af10000 - 0x00007ffa1b61d000 	C:\WINDOWS\System32\windows.storage.dll
0x00007ffa1c4b0000 - 0x00007ffa1c501000 	C:\WINDOWS\System32\shlwapi.dll
0x00007ffa1a600000 - 0x00007ffa1a611000 	C:\WINDOWS\System32\kernel.appcore.dll
0x00007ffa1a620000 - 0x00007ffa1a63f000 	C:\WINDOWS\System32\profapi.dll
0x00007ffa1a660000 - 0x00007ffa1a6ac000 	C:\WINDOWS\System32\powrprof.dll
0x00007ffa1a5f0000 - 0x00007ffa1a5fa000 	C:\WINDOWS\System32\FLTLIB.DLL
0x00007ffa13da0000 - 0x00007ffa13dba000 	C:\Program Files\Android\android-studio-canary\jre\jre\bin\net.dll
0x00007ffa19b10000 - 0x00007ffa19b76000 	C:\WINDOWS\system32\mswsock.dll
0x00007ffa0f650000 - 0x00007ffa0f661000 	C:\Program Files\Android\android-studio-canary\jre\jre\bin\nio.dll
0x00007ff9f2870000 - 0x00007ff9f288e000 	C:\Users\cngz\.gradle\native\25\windows-amd64\native-platform.dll
0x00007ffa13d90000 - 0x00007ffa13d9d000 	C:\Program Files\Android\android-studio-canary\jre\jre\bin\management.dll
0x00007ffa1a310000 - 0x00007ffa1a327000 	C:\WINDOWS\SYSTEM32\CRYPTSP.dll
0x00007ffa196f0000 - 0x00007ffa19723000 	C:\WINDOWS\system32\rsaenh.dll
0x00007ffa19f80000 - 0x00007ffa19fa5000 	C:\WINDOWS\SYSTEM32\bcrypt.dll
0x00007ffa1a520000 - 0x00007ffa1a548000 	C:\WINDOWS\SYSTEM32\USERENV.dll
0x00007ffa19cc0000 - 0x00007ffa19ccb000 	C:\WINDOWS\SYSTEM32\CRYPTBASE.dll
0x00007ffa19890000 - 0x00007ffa198c8000 	C:\WINDOWS\SYSTEM32\IPHLPAPI.DLL
0x00007ffa1be80000 - 0x00007ffa1be88000 	C:\WINDOWS\System32\NSI.dll
0x00007ffa11940000 - 0x00007ffa11956000 	C:\WINDOWS\SYSTEM32\dhcpcsvc6.DLL
0x00007ffa11d00000 - 0x00007ffa11d1a000 	C:\WINDOWS\SYSTEM32\dhcpcsvc.DLL
0x00007ffa19fb0000 - 0x00007ffa1a179000 	C:\WINDOWS\SYSTEM32\dbghelp.dll

VM Arguments:
jvm_args: -Xmx1536m -Dfile.encoding=windows-1254 -Duser.country=TR -Duser.language=tr -Duser.variant 
java_command: org.gradle.launcher.daemon.bootstrap.GradleDaemon 4.6
java_class_path (initial): C:\Users\cngz\.gradle\wrapper\dists\gradle-4.6-all\bcst21l2brirad8k2ben1letg\gradle-4.6\lib\gradle-launcher-4.6.jar
Launcher Type: SUN_STANDARD

Environment Variables:
PATH=C:\WINDOWS\system32;C:\WINDOWS;C:\WINDOWS\System32\Wbem;C:\WINDOWS\System32\WindowsPowerShell\v1.0\;C:\Program Files\Microsoft\Web Platform Installer\;C:\Program Files (x86)\Microsoft ASP.NET\ASP.NET Web Pages\v1.0\;C:\Program Files (x86)\Windows Kits\8.0\Windows Performance Toolkit\;C:\Program Files\Microsoft SQL Server\110\Tools\Binn\;C:\Program Files (x86)\Microsoft SQL Server\90\Tools\binn\;C:\Program Files\Microsoft SQL Server\Client SDK\ODBC\110\Tools\Binn\;C:\Program Files (x86)\Microsoft SQL Server\120\Tools\Binn\;C:\Program Files\Microsoft SQL Server\120\Tools\Binn\;C:\Program Files\Microsoft SQL Server\120\DTS\Binn\;C:\Program Files (x86)\Microsoft SQL Server\120\Tools\Binn\ManagementStudio\;C:\Program Files (x86)\Microsoft SQL Server\120\DTS\Binn\;C:\Program Files\MySQL\MySQL Utilities 1.6\;C:\Program Files (x86)\GtkSharp\2.12\bin;C:\WINDOWS\System32\OpenSSH\;C:\Users\cngz\AppData\Local\Microsoft\WindowsApps;C:\Program Files\Java\jdk1.8.0_121\bin\java.exe;C:\Program Files\Java\jdk1.8.0_121\bin\javaw.exe;
USERNAME=cngz
OS=Windows_NT
PROCESSOR_IDENTIFIER=Intel64 Family 6 Model 58 Stepping 9, GenuineIntel



---------------  S Y S T E M  ---------------

OS: Windows 10.0 , 64 bit Build 17134 (10.0.17134.1)

CPU:total 8 (initial active 8) (4 cores per cpu, 2 threads per core) family 6 model 58 stepping 9, cmov, cx8, fxsr, mmx, sse, sse2, sse3, ssse3, sse4.1, sse4.2, popcnt, avx, aes, clmul, erms, ht, tsc, tscinvbit, tscinv

Memory: 4k page, physical 16671536k(6462876k free), swap 19686192k(6244900k free)

vm_info: OpenJDK 64-Bit Server VM (25.152-b03) for windows-amd64 JRE (1.8.0_152-release-1136-b03), built by "builder" with MS VC++ 10.0 (VS2010)

time: Tue May 15 22:48:53 2018
elapsed time: 9 seconds (0d 0h 0m 9s)

