#
# A fatal error has been detected by the Java Runtime Environment:
#
#  EXCEPTION_ACCESS_VIOLATION (0xc0000005) at pc=0x000000005bddd296, pid=16420, tid=0x0000000000004b5c
#
# JRE version: OpenJDK Runtime Environment (8.0_152-b03) (build 1.8.0_152-release-1136-b03)
# Java VM: OpenJDK 64-Bit Server VM (25.152-b03 mixed mode windows-amd64 compressed oops)
# Problematic frame:
# V  [jvm.dll+0x46d296]
#
# Failed to write core dump. Minidumps are not enabled by default on client versions of Windows
#
# If you would like to submit a bug report, please visit:
#   http://bugreport.java.com/bugreport/crash.jsp
#

---------------  T H R E A D  ---------------

Current thread (0x0000000018723000):  JavaThread "C2 CompilerThread2" daemon [_thread_in_native, id=19292, stack(0x00000000190e0000,0x00000000191e0000)]

siginfo: ExceptionCode=0xc0000005, reading address 0xffffffffffffffff

Registers:
RAX=0x0000000018723000, RBX=0x00000000191de770, RCX=0x0000000000000007, RDX=0x00000000000003ae
RSP=0x00000000191dbef0, RBP=0x0000000000019ec0, RSI=0x000000002158dfa0, RDI=0x00000000000003ae
R8 =0x3030323731353036, R9 =0x000000005c1361c0, R10=0x00000000191dc0c0, R11=0x00000000191dbf80
R12=0x000000002058dfc0, R13=0x00000000191dc3b0, R14=0x000000005b970000, R15=0x000000005c1361c0
RIP=0x000000005bddd296, EFLAGS=0x0000000000010206

Top of Stack: (sp=0x00000000191dbef0)
0x00000000191dbef0:   00000000206038b0 0000000000000000
0x00000000191dbf00:   000000001f9dff20 000000005ba18bca
0x00000000191dbf10:   000000002158dfa0 000000005bdd8e2a
0x00000000191dbf20:   00000000000003ae 00000000000003b4
0x00000000191dbf30:   0000000000019ec0 00000000000003b4
0x00000000191dbf40:   000003b300000001 0000000000000006
0x00000000191dbf50:   000000001da3a0e0 0000000000000004
0x00000000191dbf60:   000000001dd0bfa8 0000000000000011
0x00000000191dbf70:   00000000214dc400 000000005bddd270
0x00000000191dbf80:   00000000191dc3b0 00000000000003b4
0x00000000191dbf90:   000000005c1361c0 0000000000000010
0x00000000191dbfa0:   000000001cb04820 000000005bdd9333
0x00000000191dbfb0:   0000000000000002 0000000000000000
0x00000000191dbfc0:   00000000214dc400 000000001ec96988
0x00000000191dbfd0:   0000000000000013 0000000000000d00
0x00000000191dbfe0:   00000000214dc400 000000001d38f1f0 

Instructions: (pc=0x000000005bddd296)
0x000000005bddd276:   00 49 8b 98 88 00 00 00 4c 8b 83 f0 07 00 00 4d
0x000000005bddd286:   85 c0 75 0c e8 e1 fe ff ff 4c 8b 83 f0 07 00 00
0x000000005bddd296:   49 8b 00 48 8b d7 48 89 83 f0 07 00 00 48 8b 5c
0x000000005bddd2a6:   24 30 33 c0 49 89 00 49 89 40 08 49 89 40 10 49 


Register to memory mapping:

RAX=0x0000000018723000 is a thread
RBX=0x00000000191de770 is pointing into the stack for thread: 0x0000000018723000
RCX=0x0000000000000007 is an unknown value
RDX=0x00000000000003ae is an unknown value
RSP=0x00000000191dbef0 is pointing into the stack for thread: 0x0000000018723000
RBP=0x0000000000019ec0 is an unknown value
RSI=0x000000002158dfa0 is an unknown value
RDI=0x00000000000003ae is an unknown value
R8 =0x3030323731353036 is an unknown value
R9 =0x000000005c1361c0 is an unknown value
R10=0x00000000191dc0c0 is pointing into the stack for thread: 0x0000000018723000
R11=0x00000000191dbf80 is pointing into the stack for thread: 0x0000000018723000
R12=0x000000002058dfc0 is an unknown value
R13=0x00000000191dc3b0 is pointing into the stack for thread: 0x0000000018723000
R14=0x000000005b970000 is an unknown value
R15=0x000000005c1361c0 is an unknown value


Stack: [0x00000000190e0000,0x00000000191e0000],  sp=0x00000000191dbef0,  free space=1007k
Native frames: (J=compiled Java code, j=interpreted, Vv=VM code, C=native code)
V  [jvm.dll+0x46d296]
V  [jvm.dll+0x468e2a]
V  [jvm.dll+0x469333]
V  [jvm.dll+0x4349da]
V  [jvm.dll+0x43f99b]
V  [jvm.dll+0x44226e]
V  [jvm.dll+0x4252c2]
V  [jvm.dll+0x813d8]
V  [jvm.dll+0x81d0f]
V  [jvm.dll+0x21d41f]
V  [jvm.dll+0x26d9aa]
C  [msvcr100.dll+0x21d9f]
C  [msvcr100.dll+0x21e3b]
C  [KERNEL32.DLL+0x13034]
C  [ntdll.dll+0x71551]


Current CompileTask:
C2:   6566 3931   !   4       com.sun.beans.TypeResolver::resolve (274 bytes)


---------------  P R O C E S S  ---------------

Java Threads: ( => current thread )
  0x000000001dadd000 JavaThread "Memory manager" [_thread_blocked, id=16376, stack(0x0000000022e80000,0x0000000022f80000)]
  0x000000001dad8000 JavaThread "pool-1-thread-1" [_thread_blocked, id=11492, stack(0x0000000022910000,0x0000000022a10000)]
  0x000000001dadb000 JavaThread "Build operations Thread 8" [_thread_blocked, id=16988, stack(0x0000000022810000,0x0000000022910000)]
  0x000000001dade000 JavaThread "Build operations Thread 7" [_thread_blocked, id=5844, stack(0x0000000022710000,0x0000000022810000)]
  0x000000001dade800 JavaThread "Build operations Thread 6" [_thread_blocked, id=16632, stack(0x0000000022400000,0x0000000022500000)]
  0x000000001c6c0000 JavaThread "Build operations Thread 5" [_thread_blocked, id=6740, stack(0x0000000022300000,0x0000000022400000)]
  0x000000001c6bf000 JavaThread "Build operations Thread 4" [_thread_blocked, id=8888, stack(0x0000000022200000,0x0000000022300000)]
  0x000000001c6be800 JavaThread "Build operations Thread 3" [_thread_blocked, id=17948, stack(0x0000000022100000,0x0000000022200000)]
  0x000000001c6bd800 JavaThread "Build operations Thread 2" [_thread_blocked, id=12168, stack(0x0000000022000000,0x0000000022100000)]
  0x000000001c6bc800 JavaThread "Build operations" [_thread_blocked, id=2608, stack(0x0000000021f00000,0x0000000022000000)]
  0x000000001c6c2000 JavaThread "Cache worker for Artifact transforms cache (C:\Users\cngz\.gradle\caches\transforms-1)" [_thread_blocked, id=2604, stack(0x000000001f810000,0x000000001f910000)]
  0x000000001aa6f000 JavaThread "Cache worker for file hash cache (D:\Google Drive\Software\Android\Imsakiye\.gradle\4.6\fileHashes)" [_thread_blocked, id=17708, stack(0x000000001d1f0000,0x000000001d2f0000)]
  0x000000001a7c2800 JavaThread "File lock request listener" [_thread_in_native, id=16884, stack(0x000000001c120000,0x000000001c220000)]
  0x000000001a823000 JavaThread "Cache worker for file hash cache (C:\Users\cngz\.gradle\caches\4.6\fileHashes)" [_thread_blocked, id=12100, stack(0x000000001c020000,0x000000001c120000)]
  0x000000001a806000 JavaThread "Stdin handler" [_thread_blocked, id=13576, stack(0x000000001bc20000,0x000000001bd20000)]
  0x000000001a823800 JavaThread "Asynchronous log dispatcher for DefaultDaemonConnection: socket connection from /127.0.0.1:61741 to /127.0.0.1:61742" [_thread_blocked, id=15164, stack(0x000000001bb20000,0x000000001bc20000)]
  0x000000001a829800 JavaThread "Daemon worker" [_thread_in_vm_trans, id=14312, stack(0x000000001ba20000,0x000000001bb20000)]
  0x000000001a826000 JavaThread "Cancel handler" [_thread_blocked, id=15364, stack(0x000000001b920000,0x000000001ba20000)]
  0x000000001a6fb800 JavaThread "Handler for socket connection from /127.0.0.1:61741 to /127.0.0.1:61742" [_thread_in_native, id=6140, stack(0x000000001b620000,0x000000001b720000)]
  0x000000001a757800 JavaThread "Daemon" [_thread_blocked, id=10488, stack(0x000000001b520000,0x000000001b620000)]
  0x000000001a6f1800 JavaThread "Daemon periodic checks" [_thread_blocked, id=1768, stack(0x000000001b420000,0x000000001b520000)]
  0x000000001a6c9000 JavaThread "Incoming local TCP Connector on port 61741" [_thread_in_native, id=17552, stack(0x000000001b1f0000,0x000000001b2f0000)]
  0x00000000187c1000 JavaThread "Service Thread" daemon [_thread_blocked, id=14988, stack(0x00000000192e0000,0x00000000193e0000)]
  0x000000001872a000 JavaThread "C1 CompilerThread3" daemon [_thread_blocked, id=2824, stack(0x00000000191e0000,0x00000000192e0000)]
=>0x0000000018723000 JavaThread "C2 CompilerThread2" daemon [_thread_in_native, id=19292, stack(0x00000000190e0000,0x00000000191e0000)]
  0x000000001871f000 JavaThread "C2 CompilerThread1" daemon [_thread_in_native, id=5272, stack(0x0000000018fe0000,0x00000000190e0000)]
  0x000000001871d000 JavaThread "C2 CompilerThread0" daemon [_thread_in_native, id=364, stack(0x0000000018ee0000,0x0000000018fe0000)]
  0x0000000018718000 JavaThread "Attach Listener" daemon [_thread_blocked, id=18628, stack(0x0000000018de0000,0x0000000018ee0000)]
  0x0000000018717000 JavaThread "Signal Dispatcher" daemon [_thread_blocked, id=15040, stack(0x0000000018ce0000,0x0000000018de0000)]
  0x0000000018711800 JavaThread "Finalizer" daemon [_thread_blocked, id=18436, stack(0x0000000018af0000,0x0000000018bf0000)]
  0x000000001682a800 JavaThread "Reference Handler" daemon [_thread_blocked, id=3268, stack(0x00000000185f0000,0x00000000186f0000)]
  0x000000000286e000 JavaThread "main" [_thread_blocked, id=4936, stack(0x0000000002870000,0x0000000002970000)]

Other Threads:
  0x0000000016826800 VMThread [stack: 0x00000000184f0000,0x00000000185f0000] [id=14912]
  0x00000000187c3800 WatcherThread [stack: 0x00000000193e0000,0x00000000194e0000] [id=16060]

VM state:not at safepoint (normal execution)

VM Mutex/Monitor currently owned by a thread: None

Heap:
 PSYoungGen      total 157184K, used 136842K [0x00000000e0000000, 0x00000000efc00000, 0x0000000100000000)
  eden space 143360K, 95% used [0x00000000e0000000,0x00000000e85a2af0,0x00000000e8c00000)
  from space 13824K, 0% used [0x00000000e9980000,0x00000000e9980000,0x00000000ea700000)
  to   space 13824K, 0% used [0x00000000e8c00000,0x00000000e8c00000,0x00000000e9980000)
 ParOldGen       total 137216K, used 14101K [0x00000000a0000000, 0x00000000a8600000, 0x00000000e0000000)
  object space 137216K, 10% used [0x00000000a0000000,0x00000000a0dc5648,0x00000000a8600000)
 Metaspace       used 43377K, capacity 44380K, committed 44456K, reserved 1087488K
  class space    used 5982K, capacity 6315K, committed 6320K, reserved 1048576K

Card table byte_map: [0x0000000011e30000,0x0000000012140000] byte_map_base: 0x0000000011930000

Marking Bits: (ParMarkBitMap*) 0x000000005c135aa0
 Begin Bits: [0x0000000012b40000, 0x0000000014340000)
 End Bits:   [0x0000000014340000, 0x0000000015b40000)

Polling page: 0x0000000000a00000

CodeCache: size=245760Kb used=13337Kb max_used=13337Kb free=232422Kb
 bounds [0x0000000002a70000, 0x0000000003790000, 0x0000000011a70000]
 total_blobs=4503 nmethods=3770 adapters=645
 compilation: enabled

Compilation events (10 events):
Event: 6.536 Thread 0x000000001872a000 nmethod 4103 0x0000000003775810 code [0x0000000003775980, 0x0000000003775c90]
Event: 6.536 Thread 0x000000001872a000 4104       3       com.sun.xml.bind.v2.model.nav.ReflectionNavigator$6::onClass (2 bytes)
Event: 6.536 Thread 0x000000001872a000 nmethod 4104 0x0000000003775d50 code [0x0000000003775ea0, 0x0000000003775ff0]
Event: 6.536 Thread 0x000000001872a000 4105       3       com.sun.xml.bind.v2.model.annotation.RuntimeInlineAnnotationReader::getPackageAnnotation (11 bytes)
Event: 6.536 Thread 0x000000001872a000 nmethod 4105 0x0000000003776090 code [0x0000000003776200, 0x00000000037764e8]
Event: 6.536 Thread 0x000000001872a000 4106       3       com.sun.xml.bind.v2.model.annotation.RuntimeInlineAnnotationReader::getPackageAnnotation (107 bytes)
Event: 6.537 Thread 0x000000001872a000 nmethod 4106 0x00000000037765d0 code [0x0000000003776860, 0x0000000003777888]
Event: 6.537 Thread 0x000000001872a000 4107       3       com.sun.xml.bind.v2.model.annotation.RuntimeInlineAnnotationReader::getClassAnnotation (11 bytes)
Event: 6.538 Thread 0x000000001872a000 nmethod 4107 0x0000000003778050 code [0x0000000003778220, 0x00000000037789b8]
Event: 6.538 Thread 0x000000001872a000 4108       3       com.sun.xml.bind.v2.model.annotation.RuntimeInlineAnnotationReader::getClassAnnotation (10 bytes)

GC Heap History (10 events):
Event: 2.825 GC heap before
{Heap before GC invocations=4 (full 1):
 PSYoungGen      total 76288K, used 8811K [0x00000000e0000000, 0x00000000e9500000, 0x0000000100000000)
  eden space 65536K, 0% used [0x00000000e0000000,0x00000000e0000000,0x00000000e4000000)
  from space 10752K, 81% used [0x00000000e4000000,0x00000000e489afe0,0x00000000e4a80000)
  to   space 10752K, 0% used [0x00000000e8a80000,0x00000000e8a80000,0x00000000e9500000)
 ParOldGen       total 175104K, used 82K [0x00000000a0000000, 0x00000000aab00000, 0x00000000e0000000)
  object space 175104K, 0% used [0x00000000a0000000,0x00000000a0014ad8,0x00000000aab00000)
 Metaspace       used 20775K, capacity 21192K, committed 21296K, reserved 1067008K
  class space    used 2919K, capacity 3076K, committed 3120K, reserved 1048576K
Event: 2.862 GC heap after
Heap after GC invocations=4 (full 1):
 PSYoungGen      total 76288K, used 0K [0x00000000e0000000, 0x00000000e9500000, 0x0000000100000000)
  eden space 65536K, 0% used [0x00000000e0000000,0x00000000e0000000,0x00000000e4000000)
  from space 10752K, 0% used [0x00000000e4000000,0x00000000e4000000,0x00000000e4a80000)
  to   space 10752K, 0% used [0x00000000e8a80000,0x00000000e8a80000,0x00000000e9500000)
 ParOldGen       total 106496K, used 8585K [0x00000000a0000000, 0x00000000a6800000, 0x00000000e0000000)
  object space 106496K, 8% used [0x00000000a0000000,0x00000000a0862420,0x00000000a6800000)
 Metaspace       used 20775K, capacity 21192K, committed 21296K, reserved 1067008K
  class space    used 2919K, capacity 3076K, committed 3120K, reserved 1048576K
}
Event: 3.750 GC heap before
{Heap before GC invocations=5 (full 1):
 PSYoungGen      total 76288K, used 65536K [0x00000000e0000000, 0x00000000e9500000, 0x0000000100000000)
  eden space 65536K, 100% used [0x00000000e0000000,0x00000000e4000000,0x00000000e4000000)
  from space 10752K, 0% used [0x00000000e4000000,0x00000000e4000000,0x00000000e4a80000)
  to   space 10752K, 0% used [0x00000000e8a80000,0x00000000e8a80000,0x00000000e9500000)
 ParOldGen       total 106496K, used 8585K [0x00000000a0000000, 0x00000000a6800000, 0x00000000e0000000)
  object space 106496K, 8% used [0x00000000a0000000,0x00000000a0862420,0x00000000a6800000)
 Metaspace       used 26539K, capacity 26984K, committed 27184K, reserved 1073152K
  class space    used 3644K, capacity 3803K, committed 3888K, reserved 1048576K
Event: 3.758 GC heap after
Heap after GC invocations=5 (full 1):
 PSYoungGen      total 104448K, used 7038K [0x00000000e0000000, 0x00000000e9180000, 0x0000000100000000)
  eden space 97280K, 0% used [0x00000000e0000000,0x00000000e0000000,0x00000000e5f00000)
  from space 7168K, 98% used [0x00000000e8a80000,0x00000000e915f9e8,0x00000000e9180000)
  to   space 10752K, 0% used [0x00000000e7c80000,0x00000000e7c80000,0x00000000e8700000)
 ParOldGen       total 106496K, used 8593K [0x00000000a0000000, 0x00000000a6800000, 0x00000000e0000000)
  object space 106496K, 8% used [0x00000000a0000000,0x00000000a0864420,0x00000000a6800000)
 Metaspace       used 26539K, capacity 26984K, committed 27184K, reserved 1073152K
  class space    used 3644K, capacity 3803K, committed 3888K, reserved 1048576K
}
Event: 4.910 GC heap before
{Heap before GC invocations=6 (full 1):
 PSYoungGen      total 104448K, used 104318K [0x00000000e0000000, 0x00000000e9180000, 0x0000000100000000)
  eden space 97280K, 100% used [0x00000000e0000000,0x00000000e5f00000,0x00000000e5f00000)
  from space 7168K, 98% used [0x00000000e8a80000,0x00000000e915f9e8,0x00000000e9180000)
  to   space 10752K, 0% used [0x00000000e7c80000,0x00000000e7c80000,0x00000000e8700000)
 ParOldGen       total 106496K, used 8593K [0x00000000a0000000, 0x00000000a6800000, 0x00000000e0000000)
  object space 106496K, 8% used [0x00000000a0000000,0x00000000a0864420,0x00000000a6800000)
 Metaspace       used 34202K, capacity 34958K, committed 35248K, reserved 1079296K
  class space    used 4774K, capacity 4993K, committed 5040K, reserved 1048576K
Event: 4.921 GC heap after
Heap after GC invocations=6 (full 1):
 PSYoungGen      total 138240K, used 10751K [0x00000000e0000000, 0x00000000ea700000, 0x0000000100000000)
  eden space 127488K, 0% used [0x00000000e0000000,0x00000000e0000000,0x00000000e7c80000)
  from space 10752K, 99% used [0x00000000e7c80000,0x00000000e86ffd50,0x00000000e8700000)
  to   space 13824K, 0% used [0x00000000e9980000,0x00000000e9980000,0x00000000ea700000)
 ParOldGen       total 106496K, used 10672K [0x00000000a0000000, 0x00000000a6800000, 0x00000000e0000000)
  object space 106496K, 10% used [0x00000000a0000000,0x00000000a0a6c0a8,0x00000000a6800000)
 Metaspace       used 34202K, capacity 34958K, committed 35248K, reserved 1079296K
  class space    used 4774K, capacity 4993K, committed 5040K, reserved 1048576K
}
Event: 4.948 GC heap before
{Heap before GC invocations=7 (full 1):
 PSYoungGen      total 138240K, used 12817K [0x00000000e0000000, 0x00000000ea700000, 0x0000000100000000)
  eden space 127488K, 1% used [0x00000000e0000000,0x00000000e02046f0,0x00000000e7c80000)
  from space 10752K, 99% used [0x00000000e7c80000,0x00000000e86ffd50,0x00000000e8700000)
  to   space 13824K, 0% used [0x00000000e9980000,0x00000000e9980000,0x00000000ea700000)
 ParOldGen       total 106496K, used 10672K [0x00000000a0000000, 0x00000000a6800000, 0x00000000e0000000)
  object space 106496K, 10% used [0x00000000a0000000,0x00000000a0a6c0a8,0x00000000a6800000)
 Metaspace       used 34643K, capacity 35374K, committed 35496K, reserved 1079296K
  class space    used 4809K, capacity 5025K, committed 5040K, reserved 1048576K
Event: 4.954 GC heap after
Heap after GC invocations=7 (full 1):
 PSYoungGen      total 157184K, used 7465K [0x00000000e0000000, 0x00000000efc00000, 0x0000000100000000)
  eden space 143360K, 0% used [0x00000000e0000000,0x00000000e0000000,0x00000000e8c00000)
  from space 13824K, 54% used [0x00000000e9980000,0x00000000ea0ca528,0x00000000ea700000)
  to   space 13824K, 0% used [0x00000000e8c00000,0x00000000e8c00000,0x00000000e9980000)
 ParOldGen       total 106496K, used 10672K [0x00000000a0000000, 0x00000000a6800000, 0x00000000e0000000)
  object space 106496K, 10% used [0x00000000a0000000,0x00000000a0a6c0a8,0x00000000a6800000)
 Metaspace       used 34643K, capacity 35374K, committed 35496K, reserved 1079296K
  class space    used 4809K, capacity 5025K, committed 5040K, reserved 1048576K
}
Event: 4.954 GC heap before
{Heap before GC invocations=8 (full 2):
 PSYoungGen      total 157184K, used 7465K [0x00000000e0000000, 0x00000000efc00000, 0x0000000100000000)
  eden space 143360K, 0% used [0x00000000e0000000,0x00000000e0000000,0x00000000e8c00000)
  from space 13824K, 54% used [0x00000000e9980000,0x00000000ea0ca528,0x00000000ea700000)
  to   space 13824K, 0% used [0x00000000e8c00000,0x00000000e8c00000,0x00000000e9980000)
 ParOldGen       total 106496K, used 10672K [0x00000000a0000000, 0x00000000a6800000, 0x00000000e0000000)
  object space 106496K, 10% used [0x00000000a0000000,0x00000000a0a6c0a8,0x00000000a6800000)
 Metaspace       used 34643K, capacity 35374K, committed 35496K, reserved 1079296K
  class space    used 4809K, capacity 5025K, committed 5040K, reserved 1048576K
Event: 4.997 GC heap after
Heap after GC invocations=8 (full 2):
 PSYoungGen      total 157184K, used 0K [0x00000000e0000000, 0x00000000efc00000, 0x0000000100000000)
  eden space 143360K, 0% used [0x00000000e0000000,0x00000000e0000000,0x00000000e8c00000)
  from space 13824K, 0% used [0x00000000e9980000,0x00000000e9980000,0x00000000ea700000)
  to   space 13824K, 0% used [0x00000000e8c00000,0x00000000e8c00000,0x00000000e9980000)
 ParOldGen       total 137216K, used 14101K [0x00000000a0000000, 0x00000000a8600000, 0x00000000e0000000)
  object space 137216K, 10% used [0x00000000a0000000,0x00000000a0dc5648,0x00000000a8600000)
 Metaspace       used 34643K, capacity 35374K, committed 35496K, reserved 1079296K
  class space    used 4809K, capacity 5025K, committed 5040K, reserved 1048576K
}

Deoptimization events (10 events):
Event: 5.677 Thread 0x000000001a829800 Uncommon trap: reason=unstable_if action=reinterpret pc=0x0000000002e868fc method=java.util.LinkedHashMap.get(Ljava/lang/Object;)Ljava/lang/Object; @ 20
Event: 5.751 Thread 0x000000001a829800 Uncommon trap: reason=unstable_if action=reinterpret pc=0x00000000032e844c method=org.objectweb.asm.ByteVector.putUTF8(Ljava/lang/String;)Lorg/objectweb/asm/ByteVector; @ 91
Event: 5.860 Thread 0x000000001a829800 Uncommon trap: reason=unstable_if action=reinterpret pc=0x00000000031d7bb0 method=org.objectweb.asm.ByteVector.putUTF8(Ljava/lang/String;)Lorg/objectweb/asm/ByteVector; @ 91
Event: 6.153 Thread 0x000000001a829800 Uncommon trap: reason=class_check action=maybe_recompile pc=0x0000000003319d98 method=org.codehaus.groovy.runtime.metaclass.MetaMethodIndex.addMethodToList(Ljava/lang/Object;Lgroovy/lang/MetaMethod;)Ljava/lang/Object; @ 220
Event: 6.153 Thread 0x000000001a829800 Uncommon trap: reason=class_check action=maybe_recompile pc=0x0000000003319d98 method=org.codehaus.groovy.runtime.metaclass.MetaMethodIndex.addMethodToList(Ljava/lang/Object;Lgroovy/lang/MetaMethod;)Ljava/lang/Object; @ 220
Event: 6.153 Thread 0x000000001a829800 Uncommon trap: reason=class_check action=maybe_recompile pc=0x0000000003319d98 method=org.codehaus.groovy.runtime.metaclass.MetaMethodIndex.addMethodToList(Ljava/lang/Object;Lgroovy/lang/MetaMethod;)Ljava/lang/Object; @ 220
Event: 6.471 Thread 0x000000001a829800 Uncommon trap: reason=bimorphic action=maybe_recompile pc=0x0000000003735cbc method=java.util.AbstractList$Itr.next()Ljava/lang/Object; @ 14
Event: 6.471 Thread 0x000000001a829800 Uncommon trap: reason=bimorphic action=maybe_recompile pc=0x0000000003735cbc method=java.util.AbstractList$Itr.next()Ljava/lang/Object; @ 14
Event: 6.471 Thread 0x000000001a829800 Uncommon trap: reason=bimorphic action=maybe_recompile pc=0x0000000003735cbc method=java.util.AbstractList$Itr.next()Ljava/lang/Object; @ 14
Event: 6.486 Thread 0x000000001a829800 Uncommon trap: reason=bimorphic action=maybe_recompile pc=0x0000000003735cbc method=java.util.AbstractList$Itr.next()Ljava/lang/Object; @ 14

Classes redefined (0 events):
No events

Internal exceptions (10 events):
Event: 6.348 Thread 0x000000001a829800 Exception <a 'sun/nio/fs/WindowsException'> (0x00000000e7461e08) thrown at [D:\src\AOSP-openjdk-cygwin\jdk8u\hotspot\src\share\vm\prims\jni.cpp, line 709]
Event: 6.348 Thread 0x000000001a829800 Exception <a 'sun/nio/fs/WindowsException'> (0x00000000e74629e0) thrown at [D:\src\AOSP-openjdk-cygwin\jdk8u\hotspot\src\share\vm\prims\jni.cpp, line 709]
Event: 6.348 Thread 0x000000001a829800 Exception <a 'sun/nio/fs/WindowsException'> (0x00000000e74645f8) thrown at [D:\src\AOSP-openjdk-cygwin\jdk8u\hotspot\src\share\vm\prims\jni.cpp, line 709]
Event: 6.348 Thread 0x000000001a829800 Exception <a 'sun/nio/fs/WindowsException'> (0x00000000e7465208) thrown at [D:\src\AOSP-openjdk-cygwin\jdk8u\hotspot\src\share\vm\prims\jni.cpp, line 709]
Event: 6.349 Thread 0x000000001a829800 Exception <a 'sun/nio/fs/WindowsException'> (0x00000000e7467f38) thrown at [D:\src\AOSP-openjdk-cygwin\jdk8u\hotspot\src\share\vm\prims\jni.cpp, line 709]
Event: 6.349 Thread 0x000000001a829800 Exception <a 'sun/nio/fs/WindowsException'> (0x00000000e7468b88) thrown at [D:\src\AOSP-openjdk-cygwin\jdk8u\hotspot\src\share\vm\prims\jni.cpp, line 709]
Event: 6.349 Thread 0x000000001a829800 Exception <a 'sun/nio/fs/WindowsException'> (0x00000000e746a818) thrown at [D:\src\AOSP-openjdk-cygwin\jdk8u\hotspot\src\share\vm\prims\jni.cpp, line 709]
Event: 6.349 Thread 0x000000001a829800 Exception <a 'sun/nio/fs/WindowsException'> (0x00000000e746b4a0) thrown at [D:\src\AOSP-openjdk-cygwin\jdk8u\hotspot\src\share\vm\prims\jni.cpp, line 709]
Event: 6.355 Thread 0x000000001a829800 Exception <a 'java/lang/ClassNotFoundException': com/sun/org/glassfish/hk2/osgiresourcelocator/ServiceLoader> (0x00000000e74c5fe0) thrown at [D:\src\AOSP-openjdk-cygwin\jdk8u\hotspot\src\share\vm\classfile\systemDictionary.cpp, line 210]
Event: 6.396 Thread 0x000000001a829800 Exception <a 'java/lang/NullPointerException'> (0x00000000e7943b68) thrown at [D:\src\AOSP-openjdk-cygwin\jdk8u\hotspot\src\share\vm\interpreter\linkResolver.cpp, line 1301]

Events (10 events):
Event: 6.530 loading class com/android/sdklib/repository/generated/addon/v1/ExtraDetailsType
Event: 6.530 loading class com/android/sdklib/repository/generated/addon/v1/ExtraDetailsType done
Event: 6.530 loading class com/android/sdklib/repository/generated/addon/v1/AddonDetailsType
Event: 6.530 loading class com/android/sdklib/repository/generated/addon/v1/AddonDetailsType done
Event: 6.530 loading class com/android/sdklib/repository/generated/common/v1/ApiDetailsType
Event: 6.530 loading class com/android/sdklib/repository/generated/common/v1/ApiDetailsType done
Event: 6.533 loading class com/android/sdklib/repository/meta/DetailsTypes
Event: 6.533 loading class com/android/sdklib/repository/meta/DetailsTypes done
Event: 6.534 loading class com/android/sdklib/repository/meta/package-info
Event: 6.534 loading class com/android/sdklib/repository/meta/package-info done


Dynamic libraries:
0x00007ff7af5b0000 - 0x00007ff7af5e1000 	C:\Program Files\Android\android-studio-canary\jre\bin\java.exe
0x00007ffa1e2e0000 - 0x00007ffa1e4c1000 	C:\WINDOWS\SYSTEM32\ntdll.dll
0x00007ffa1be90000 - 0x00007ffa1bf42000 	C:\WINDOWS\System32\KERNEL32.DLL
0x00007ffa1aa80000 - 0x00007ffa1acf3000 	C:\WINDOWS\System32\KERNELBASE.dll
0x00007ffa1c330000 - 0x00007ffa1c3d1000 	C:\WINDOWS\System32\ADVAPI32.dll
0x00007ffa1c1c0000 - 0x00007ffa1c25e000 	C:\WINDOWS\System32\msvcrt.dll
0x00007ffa1c2c0000 - 0x00007ffa1c31b000 	C:\WINDOWS\System32\sechost.dll
0x00007ffa1b770000 - 0x00007ffa1b894000 	C:\WINDOWS\System32\RPCRT4.dll
0x00007ffa1b8a0000 - 0x00007ffa1ba30000 	C:\WINDOWS\System32\USER32.dll
0x00007ffa1aef0000 - 0x00007ffa1af10000 	C:\WINDOWS\System32\win32u.dll
0x00007ffa1c510000 - 0x00007ffa1c538000 	C:\WINDOWS\System32\GDI32.dll
0x00007ffa1ad00000 - 0x00007ffa1ae92000 	C:\WINDOWS\System32\gdi32full.dll
0x00007ffa1b620000 - 0x00007ffa1b6bf000 	C:\WINDOWS\System32\msvcp_win.dll
0x00007ffa1a980000 - 0x00007ffa1aa7a000 	C:\WINDOWS\System32\ucrtbase.dll
0x00007ffa109b0000 - 0x00007ffa10c19000 	C:\WINDOWS\WinSxS\amd64_microsoft.windows.common-controls_6595b64144ccf1df_6.0.17134.48_none_b4b2216a3cb4dd3e\COMCTL32.dll
0x00007ffa1df80000 - 0x00007ffa1e2a3000 	C:\WINDOWS\System32\combase.dll
0x00007ffa1a710000 - 0x00007ffa1a78a000 	C:\WINDOWS\System32\bcryptPrimitives.dll
0x00007ffa1c3e0000 - 0x00007ffa1c40d000 	C:\WINDOWS\System32\IMM32.DLL
0x000000005b890000 - 0x000000005b962000 	C:\Program Files\Android\android-studio-canary\jre\jre\bin\msvcr100.dll
0x000000005b970000 - 0x000000005c1b1000 	C:\Program Files\Android\android-studio-canary\jre\jre\bin\server\jvm.dll
0x00007ffa1c320000 - 0x00007ffa1c328000 	C:\WINDOWS\System32\PSAPI.DLL
0x00007ffa17f30000 - 0x00007ffa17f3a000 	C:\WINDOWS\SYSTEM32\VERSION.dll
0x00007ffa13ed0000 - 0x00007ffa13ed9000 	C:\WINDOWS\SYSTEM32\WSOCK32.dll
0x00007ffa15880000 - 0x00007ffa158a3000 	C:\WINDOWS\SYSTEM32\WINMM.dll
0x00007ffa1bf50000 - 0x00007ffa1bfbc000 	C:\WINDOWS\System32\WS2_32.dll
0x00007ffa15850000 - 0x00007ffa1587a000 	C:\WINDOWS\SYSTEM32\winmmbase.dll
0x00007ffa1aea0000 - 0x00007ffa1aee9000 	C:\WINDOWS\System32\cfgmgr32.dll
0x00007ffa17ba0000 - 0x00007ffa17baf000 	C:\Program Files\Android\android-studio-canary\jre\jre\bin\verify.dll
0x00007ffa158b0000 - 0x00007ffa158d9000 	C:\Program Files\Android\android-studio-canary\jre\jre\bin\java.dll
0x00007ffa13ee0000 - 0x00007ffa13ef6000 	C:\Program Files\Android\android-studio-canary\jre\jre\bin\zip.dll
0x00007ffa1cb40000 - 0x00007ffa1df80000 	C:\WINDOWS\System32\SHELL32.dll
0x00007ffa1bb20000 - 0x00007ffa1bbc9000 	C:\WINDOWS\System32\shcore.dll
0x00007ffa1af10000 - 0x00007ffa1b61d000 	C:\WINDOWS\System32\windows.storage.dll
0x00007ffa1c4b0000 - 0x00007ffa1c501000 	C:\WINDOWS\System32\shlwapi.dll
0x00007ffa1a600000 - 0x00007ffa1a611000 	C:\WINDOWS\System32\kernel.appcore.dll
0x00007ffa1a620000 - 0x00007ffa1a63f000 	C:\WINDOWS\System32\profapi.dll
0x00007ffa1a660000 - 0x00007ffa1a6ac000 	C:\WINDOWS\System32\powrprof.dll
0x00007ffa1a5f0000 - 0x00007ffa1a5fa000 	C:\WINDOWS\System32\FLTLIB.DLL
0x00007ffa13da0000 - 0x00007ffa13dba000 	C:\Program Files\Android\android-studio-canary\jre\jre\bin\net.dll
0x00007ffa19b10000 - 0x00007ffa19b76000 	C:\WINDOWS\system32\mswsock.dll
0x00007ffa0f650000 - 0x00007ffa0f661000 	C:\Program Files\Android\android-studio-canary\jre\jre\bin\nio.dll
0x00007ff9f2870000 - 0x00007ff9f288e000 	C:\Users\cngz\.gradle\native\25\windows-amd64\native-platform.dll
0x00007ffa13d90000 - 0x00007ffa13d9d000 	C:\Program Files\Android\android-studio-canary\jre\jre\bin\management.dll
0x00007ffa1a310000 - 0x00007ffa1a327000 	C:\WINDOWS\SYSTEM32\CRYPTSP.dll
0x00007ffa196f0000 - 0x00007ffa19723000 	C:\WINDOWS\system32\rsaenh.dll
0x00007ffa19f80000 - 0x00007ffa19fa5000 	C:\WINDOWS\SYSTEM32\bcrypt.dll
0x00007ffa1a520000 - 0x00007ffa1a548000 	C:\WINDOWS\SYSTEM32\USERENV.dll
0x00007ffa19cc0000 - 0x00007ffa19ccb000 	C:\WINDOWS\SYSTEM32\CRYPTBASE.dll
0x00007ffa19890000 - 0x00007ffa198c8000 	C:\WINDOWS\SYSTEM32\IPHLPAPI.DLL
0x00007ffa1be80000 - 0x00007ffa1be88000 	C:\WINDOWS\System32\NSI.dll
0x00007ffa11940000 - 0x00007ffa11956000 	C:\WINDOWS\SYSTEM32\dhcpcsvc6.DLL
0x00007ffa11d00000 - 0x00007ffa11d1a000 	C:\WINDOWS\SYSTEM32\dhcpcsvc.DLL
0x00007ffa19fb0000 - 0x00007ffa1a179000 	C:\WINDOWS\SYSTEM32\dbghelp.dll

VM Arguments:
jvm_args: -Xmx1536m -Dfile.encoding=windows-1254 -Duser.country=TR -Duser.language=tr -Duser.variant 
java_command: org.gradle.launcher.daemon.bootstrap.GradleDaemon 4.6
java_class_path (initial): C:\Users\cngz\.gradle\wrapper\dists\gradle-4.6-all\bcst21l2brirad8k2ben1letg\gradle-4.6\lib\gradle-launcher-4.6.jar
Launcher Type: SUN_STANDARD

Environment Variables:
PATH=C:\WINDOWS\system32;C:\WINDOWS;C:\WINDOWS\System32\Wbem;C:\WINDOWS\System32\WindowsPowerShell\v1.0\;C:\Program Files\Microsoft\Web Platform Installer\;C:\Program Files (x86)\Microsoft ASP.NET\ASP.NET Web Pages\v1.0\;C:\Program Files (x86)\Windows Kits\8.0\Windows Performance Toolkit\;C:\Program Files\Microsoft SQL Server\110\Tools\Binn\;C:\Program Files (x86)\Microsoft SQL Server\90\Tools\binn\;C:\Program Files\Microsoft SQL Server\Client SDK\ODBC\110\Tools\Binn\;C:\Program Files (x86)\Microsoft SQL Server\120\Tools\Binn\;C:\Program Files\Microsoft SQL Server\120\Tools\Binn\;C:\Program Files\Microsoft SQL Server\120\DTS\Binn\;C:\Program Files (x86)\Microsoft SQL Server\120\Tools\Binn\ManagementStudio\;C:\Program Files (x86)\Microsoft SQL Server\120\DTS\Binn\;C:\Program Files\MySQL\MySQL Utilities 1.6\;C:\Program Files (x86)\GtkSharp\2.12\bin;C:\WINDOWS\System32\OpenSSH\;C:\Users\cngz\AppData\Local\Microsoft\WindowsApps;C:\Program Files\Java\jdk1.8.0_121\bin\java.exe;C:\Program Files\Java\jdk1.8.0_121\bin\javaw.exe;
USERNAME=cngz
OS=Windows_NT
PROCESSOR_IDENTIFIER=Intel64 Family 6 Model 58 Stepping 9, GenuineIntel



---------------  S Y S T E M  ---------------

OS: Windows 10.0 , 64 bit Build 17134 (10.0.17134.1)

CPU:total 8 (initial active 8) (4 cores per cpu, 2 threads per core) family 6 model 58 stepping 9, cmov, cx8, fxsr, mmx, sse, sse2, sse3, ssse3, sse4.1, sse4.2, popcnt, avx, aes, clmul, erms, ht, tsc, tscinvbit, tscinv

Memory: 4k page, physical 16671536k(6675256k free), swap 19686192k(6433664k free)

vm_info: OpenJDK 64-Bit Server VM (25.152-b03) for windows-amd64 JRE (1.8.0_152-release-1136-b03), built by "builder" with MS VC++ 10.0 (VS2010)

time: Tue May 15 22:48:08 2018
elapsed time: 6 seconds (0d 0h 0m 6s)

