#
# A fatal error has been detected by the Java Runtime Environment:
#
#  EXCEPTION_ACCESS_VIOLATION (0xc0000005) at pc=0x000000005be153eb, pid=13752, tid=0x0000000000002b28
#
# JRE version: OpenJDK Runtime Environment (8.0_152-b03) (build 1.8.0_152-release-1136-b03)
# Java VM: OpenJDK 64-Bit Server VM (25.152-b03 mixed mode windows-amd64 compressed oops)
# Problematic frame:
# V  [jvm.dll+0x4a53eb]
#
# Failed to write core dump. Minidumps are not enabled by default on client versions of Windows
#
# If you would like to submit a bug report, please visit:
#   http://bugreport.java.com/bugreport/crash.jsp
#

---------------  T H R E A D  ---------------

Current thread (0x0000000018dbe000):  JavaThread "C2 CompilerThread1" daemon [_thread_in_native, id=11048, stack(0x0000000019680000,0x0000000019780000)]

siginfo: ExceptionCode=0xc0000005, reading address 0xffffffffffffffff

Registers:
RAX=0x000000001977e780, RBX=0x000000001f48a4e0, RCX=0x000000002088d622, RDX=0xd658000000005bf9
RSP=0x000000001977bf80, RBP=0x000000001a0c66c8, RSI=0x000000001977cff0, RDI=0x0000000000000012
R8 =0x000000001b1d88d0, R9 =0x0000000000000001, R10=0x0000000000000001, R11=0x0000000000000000
R12=0x000000001977c3c0, R13=0x0000000000000000, R14=0x0000000000000090, R15=0x0000000000000012
RIP=0x000000005be153eb, EFLAGS=0x0000000000010246

Top of Stack: (sp=0x000000001977bf80)
0x000000001977bf80:   000000001f111ee0 ffffffffffffffff
0x000000001977bf90:   0000000019f75f10 000000001d1fd3f0
0x000000001977bfa0:   000000001e8797e0 000000005bda1c31
0x000000001977bfb0:   000000001f48a4e0 000000461cf65a00
0x000000001977bfc0:   000000001e8797e0 ffffffffffffffff
0x000000001977bfd0:   0000001b0000033c 000000001e8797e0
0x000000001977bfe0:   0000000000000038 000000000000033c
0x000000001977bff0:   0000000000000000 0000000000000000
0x000000001977c000:   000000001977c0d0 00000000000003d8
0x000000001977c010:   0000000019f76eb8 0000000019f76ae0
0x000000001977c020:   000000001977c150 0000000000000000
0x000000001977c030:   000000001977c3c0 0000000019f76ad0
0x000000001977c040:   0000000000000000 000000005bda4dc4
0x000000001977c050:   000000001977c3c0 000000001977c101
0x000000001977c060:   00000000ffffffff 0000000000000007
0x000000001977c070:   0000000000000002 0000000019f76ad0 

Instructions: (pc=0x000000005be153eb)
0x000000005be153cb:   88 88 07 00 00 48 8d b1 68 0b 00 00 75 07 48 8d
0x000000005be153db:   b1 00 0b 00 00 48 8b 4b 08 48 8b 0c f9 48 8b 11
0x000000005be153eb:   ff 52 70 48 8b 5c 24 38 8b c0 48 8b 04 c6 48 8b
0x000000005be153fb:   74 24 30 48 83 c4 20 5f c3 cc cc cc cc cc cc cc 


Register to memory mapping:

RAX=0x000000001977e780 is pointing into the stack for thread: 0x0000000018dbe000
RBX=0x000000001f48a4e0 is an unknown value
RCX=0x000000002088d622 is an unknown value
RDX=0xd658000000005bf9 is an unknown value
RSP=0x000000001977bf80 is pointing into the stack for thread: 0x0000000018dbe000
RBP=0x000000001a0c66c8 is an unknown value
RSI=0x000000001977cff0 is pointing into the stack for thread: 0x0000000018dbe000
RDI=0x0000000000000012 is an unknown value
R8 =0x000000001b1d88d0 is an unknown value
R9 =0x0000000000000001 is an unknown value
R10=0x0000000000000001 is an unknown value
R11=0x0000000000000000 is an unknown value
R12=0x000000001977c3c0 is pointing into the stack for thread: 0x0000000018dbe000
R13=0x0000000000000000 is an unknown value
R14=0x0000000000000090 is an unknown value
R15=0x0000000000000012 is an unknown value


Stack: [0x0000000019680000,0x0000000019780000],  sp=0x000000001977bf80,  free space=1007k
Native frames: (J=compiled Java code, j=interpreted, Vv=VM code, C=native code)
V  [jvm.dll+0x4a53eb]
V  [jvm.dll+0x431c31]
V  [jvm.dll+0x434dc4]
V  [jvm.dll+0x43f99b]
V  [jvm.dll+0x44226e]
V  [jvm.dll+0x4252c2]
V  [jvm.dll+0x813d8]
V  [jvm.dll+0x81d0f]
V  [jvm.dll+0x21d41f]
V  [jvm.dll+0x26d9aa]
C  [msvcr100.dll+0x21d9f]
C  [msvcr100.dll+0x21e3b]
C  [KERNEL32.DLL+0x13034]
C  [ntdll.dll+0x71551]


Current CompileTask:
C2:   4516 2872       4       org.objectweb.asm.Frame::execute (2273 bytes)


---------------  P R O C E S S  ---------------

Java Threads: ( => current thread )
  0x000000001e618000 JavaThread "Build operations Thread 8" [_thread_blocked, id=19332, stack(0x0000000022c60000,0x0000000022d60000)]
  0x000000001e617000 JavaThread "Build operations Thread 7" [_thread_blocked, id=17728, stack(0x0000000022b60000,0x0000000022c60000)]
  0x000000001e618800 JavaThread "Build operations Thread 6" [_thread_blocked, id=9348, stack(0x0000000022a60000,0x0000000022b60000)]
  0x000000001e615800 JavaThread "Build operations Thread 5" [_thread_blocked, id=9872, stack(0x0000000022960000,0x0000000022a60000)]
  0x000000001e615000 JavaThread "Build operations Thread 4" [_thread_blocked, id=16940, stack(0x0000000022860000,0x0000000022960000)]
  0x000000001e616800 JavaThread "Build operations Thread 3" [_thread_blocked, id=12712, stack(0x0000000022760000,0x0000000022860000)]
  0x000000001e614000 JavaThread "Build operations Thread 2" [_thread_blocked, id=3824, stack(0x00000000211d0000,0x00000000212d0000)]
  0x000000001e61b000 JavaThread "Build operations" [_thread_blocked, id=6664, stack(0x000000001fe50000,0x000000001ff50000)]
  0x000000001e61a000 JavaThread "Cache worker for Artifact transforms cache (C:\Users\cngz\.gradle\caches\transforms-1)" [_thread_blocked, id=12052, stack(0x000000001fd50000,0x000000001fe50000)]
  0x000000001b16a000 JavaThread "Cache worker for file hash cache (D:\Google Drive\Software\Android\Imsakiye\.gradle\4.6\fileHashes)" [_thread_blocked, id=11208, stack(0x000000001d8b0000,0x000000001d9b0000)]
  0x000000001b126000 JavaThread "File lock request listener" [_thread_in_native, id=10916, stack(0x000000001c7e0000,0x000000001c8e0000)]
  0x000000001aea1800 JavaThread "Cache worker for file hash cache (C:\Users\cngz\.gradle\caches\4.6\fileHashes)" [_thread_blocked, id=18108, stack(0x000000001c6e0000,0x000000001c7e0000)]
  0x000000001adf1800 JavaThread "Stdin handler" [_thread_blocked, id=15192, stack(0x000000001c2e0000,0x000000001c3e0000)]
  0x000000001addb800 JavaThread "Asynchronous log dispatcher for DefaultDaemonConnection: socket connection from /127.0.0.1:61734 to /127.0.0.1:61735" [_thread_blocked, id=17048, stack(0x000000001c1e0000,0x000000001c2e0000)]
  0x000000001ae04000 JavaThread "Daemon worker" [_thread_in_vm, id=12804, stack(0x000000001c0e0000,0x000000001c1e0000)]
  0x000000001ae0c000 JavaThread "Cancel handler" [_thread_blocked, id=13708, stack(0x000000001bfe0000,0x000000001c0e0000)]
  0x000000001adbe800 JavaThread "Handler for socket connection from /127.0.0.1:61734 to /127.0.0.1:61735" [_thread_in_native, id=8, stack(0x000000001bce0000,0x000000001bde0000)]
  0x000000001adbd000 JavaThread "Daemon" [_thread_blocked, id=9988, stack(0x000000001bbe0000,0x000000001bce0000)]
  0x000000001ad5c800 JavaThread "Daemon periodic checks" [_thread_blocked, id=7892, stack(0x000000001bae0000,0x000000001bbe0000)]
  0x000000001ad40800 JavaThread "Incoming local TCP Connector on port 61734" [_thread_in_native, id=9456, stack(0x000000001b8b0000,0x000000001b9b0000)]
  0x0000000018e69000 JavaThread "Service Thread" daemon [_thread_blocked, id=10160, stack(0x0000000019980000,0x0000000019a80000)]
  0x0000000018dc5800 JavaThread "C1 CompilerThread3" daemon [_thread_blocked, id=8264, stack(0x0000000019880000,0x0000000019980000)]
  0x0000000018dbf000 JavaThread "C2 CompilerThread2" daemon [_thread_blocked, id=8788, stack(0x0000000019780000,0x0000000019880000)]
=>0x0000000018dbe000 JavaThread "C2 CompilerThread1" daemon [_thread_in_native, id=11048, stack(0x0000000019680000,0x0000000019780000)]
  0x0000000018dbc000 JavaThread "C2 CompilerThread0" daemon [_thread_blocked, id=13716, stack(0x0000000019580000,0x0000000019680000)]
  0x0000000018dbb000 JavaThread "Attach Listener" daemon [_thread_blocked, id=8688, stack(0x0000000019480000,0x0000000019580000)]
  0x0000000018dba000 JavaThread "Signal Dispatcher" daemon [_thread_blocked, id=11828, stack(0x0000000019380000,0x0000000019480000)]
  0x0000000018db0800 JavaThread "Finalizer" daemon [_thread_blocked, id=8260, stack(0x0000000019190000,0x0000000019290000)]
  0x0000000016eab800 JavaThread "Reference Handler" daemon [_thread_blocked, id=15644, stack(0x0000000018c90000,0x0000000018d90000)]
  0x0000000002fce000 JavaThread "main" [_thread_blocked, id=1736, stack(0x0000000002ec0000,0x0000000002fc0000)]

Other Threads:
  0x0000000016ea5800 VMThread [stack: 0x0000000018b90000,0x0000000018c90000] [id=15748]
  0x0000000018e08800 WatcherThread [stack: 0x0000000019a80000,0x0000000019b80000] [id=16296]

VM state:not at safepoint (normal execution)

VM Mutex/Monitor currently owned by a thread: None

Heap:
 PSYoungGen      total 102400K, used 90363K [0x00000000e0000000, 0x00000000e9180000, 0x0000000100000000)
  eden space 95232K, 87% used [0x00000000e0000000,0x00000000e51a4788,0x00000000e5d00000)
  from space 7168K, 94% used [0x00000000e8a80000,0x00000000e911a798,0x00000000e9180000)
  to   space 10752K, 0% used [0x00000000e7c80000,0x00000000e7c80000,0x00000000e8700000)
 ParOldGen       total 109056K, used 8764K [0x00000000a0000000, 0x00000000a6a80000, 0x00000000e0000000)
  object space 109056K, 8% used [0x00000000a0000000,0x00000000a088f358,0x00000000a6a80000)
 Metaspace       used 31025K, capacity 31582K, committed 31744K, reserved 1077248K
  class space    used 4343K, capacity 4542K, committed 4608K, reserved 1048576K

Card table byte_map: [0x0000000012490000,0x00000000127a0000] byte_map_base: 0x0000000011f90000

Marking Bits: (ParMarkBitMap*) 0x000000005c135aa0
 Begin Bits: [0x00000000131a0000, 0x00000000149a0000)
 End Bits:   [0x00000000149a0000, 0x00000000161a0000)

Polling page: 0x0000000001290000

CodeCache: size=245760Kb used=10758Kb max_used=10758Kb free=235001Kb
 bounds [0x00000000030d0000, 0x0000000003b60000, 0x00000000120d0000]
 total_blobs=3610 nmethods=2940 adapters=583
 compilation: enabled

Compilation events (10 events):
Event: 4.453 Thread 0x0000000018dc5800 nmethod 2930 0x0000000003b3e110 code [0x0000000003b3e260, 0x0000000003b3e370]
Event: 4.461 Thread 0x0000000018dbc000 nmethod 2928 0x0000000003b4c010 code [0x0000000003b4c200, 0x0000000003b4d310]
Event: 4.463 Thread 0x0000000018dc5800 2931       1       java.lang.Package::getName (5 bytes)
Event: 4.463 Thread 0x0000000018dc5800 nmethod 2931 0x0000000003b3de50 code [0x0000000003b3dfa0, 0x0000000003b3e0b0]
Event: 4.481 Thread 0x0000000018dc5800 2933       3       com.google.common.collect.MapMakerInternalMap::usesKeyReferences (16 bytes)
Event: 4.481 Thread 0x0000000018dc5800 nmethod 2933 0x0000000003b3cad0 code [0x0000000003b3cc20, 0x0000000003b3cdd0]
Event: 4.481 Thread 0x0000000018dc5800 2934       3       com.google.common.collect.MapMakerInternalMap::usesValueReferences (16 bytes)
Event: 4.481 Thread 0x0000000018dc5800 nmethod 2934 0x0000000003b3c750 code [0x0000000003b3c8a0, 0x0000000003b3ca50]
Event: 4.481 Thread 0x0000000018dc5800 2932       3       com.google.common.collect.MapMakerInternalMap$Segment::drainReferenceQueues (29 bytes)
Event: 4.482 Thread 0x0000000018dc5800 nmethod 2932 0x0000000003b4b850 code [0x0000000003b4b9e0, 0x0000000003b4beb8]

GC Heap History (10 events):
Event: 1.538 GC heap before
{Heap before GC invocations=1 (full 0):
 PSYoungGen      total 76288K, used 65536K [0x00000000e0000000, 0x00000000e5500000, 0x0000000100000000)
  eden space 65536K, 100% used [0x00000000e0000000,0x00000000e4000000,0x00000000e4000000)
  from space 10752K, 0% used [0x00000000e4a80000,0x00000000e4a80000,0x00000000e5500000)
  to   space 10752K, 0% used [0x00000000e4000000,0x00000000e4000000,0x00000000e4a80000)
 ParOldGen       total 175104K, used 0K [0x00000000a0000000, 0x00000000aab00000, 0x00000000e0000000)
  object space 175104K, 0% used [0x00000000a0000000,0x00000000a0000000,0x00000000aab00000)
 Metaspace       used 10416K, capacity 10608K, committed 10752K, reserved 1058816K
  class space    used 1367K, capacity 1490K, committed 1536K, reserved 1048576K
Event: 1.547 GC heap after
Heap after GC invocations=1 (full 0):
 PSYoungGen      total 76288K, used 7694K [0x00000000e0000000, 0x00000000e5500000, 0x0000000100000000)
  eden space 65536K, 0% used [0x00000000e0000000,0x00000000e0000000,0x00000000e4000000)
  from space 10752K, 71% used [0x00000000e4000000,0x00000000e47839e0,0x00000000e4a80000)
  to   space 10752K, 0% used [0x00000000e4a80000,0x00000000e4a80000,0x00000000e5500000)
 ParOldGen       total 175104K, used 16K [0x00000000a0000000, 0x00000000aab00000, 0x00000000e0000000)
  object space 175104K, 0% used [0x00000000a0000000,0x00000000a0004000,0x00000000aab00000)
 Metaspace       used 10416K, capacity 10608K, committed 10752K, reserved 1058816K
  class space    used 1367K, capacity 1490K, committed 1536K, reserved 1048576K
}
Event: 2.317 GC heap before
{Heap before GC invocations=2 (full 0):
 PSYoungGen      total 76288K, used 73230K [0x00000000e0000000, 0x00000000e5500000, 0x0000000100000000)
  eden space 65536K, 100% used [0x00000000e0000000,0x00000000e4000000,0x00000000e4000000)
  from space 10752K, 71% used [0x00000000e4000000,0x00000000e47839e0,0x00000000e4a80000)
  to   space 10752K, 0% used [0x00000000e4a80000,0x00000000e4a80000,0x00000000e5500000)
 ParOldGen       total 175104K, used 16K [0x00000000a0000000, 0x00000000aab00000, 0x00000000e0000000)
  object space 175104K, 0% used [0x00000000a0000000,0x00000000a0004000,0x00000000aab00000)
 Metaspace       used 16742K, capacity 17042K, committed 17152K, reserved 1064960K
  class space    used 2418K, capacity 2541K, committed 2560K, reserved 1048576K
Event: 2.329 GC heap after
Heap after GC invocations=2 (full 0):
 PSYoungGen      total 76288K, used 10726K [0x00000000e0000000, 0x00000000e5500000, 0x0000000100000000)
  eden space 65536K, 0% used [0x00000000e0000000,0x00000000e0000000,0x00000000e4000000)
  from space 10752K, 99% used [0x00000000e4a80000,0x00000000e54f9bb8,0x00000000e5500000)
  to   space 10752K, 0% used [0x00000000e4000000,0x00000000e4000000,0x00000000e4a80000)
 ParOldGen       total 175104K, used 24K [0x00000000a0000000, 0x00000000aab00000, 0x00000000e0000000)
  object space 175104K, 0% used [0x00000000a0000000,0x00000000a0006000,0x00000000aab00000)
 Metaspace       used 16742K, capacity 17042K, committed 17152K, reserved 1064960K
  class space    used 2418K, capacity 2541K, committed 2560K, reserved 1048576K
}
Event: 2.657 GC heap before
{Heap before GC invocations=3 (full 0):
 PSYoungGen      total 76288K, used 32699K [0x00000000e0000000, 0x00000000e5500000, 0x0000000100000000)
  eden space 65536K, 33% used [0x00000000e0000000,0x00000000e1575390,0x00000000e4000000)
  from space 10752K, 99% used [0x00000000e4a80000,0x00000000e54f9bb8,0x00000000e5500000)
  to   space 10752K, 0% used [0x00000000e4000000,0x00000000e4000000,0x00000000e4a80000)
 ParOldGen       total 175104K, used 24K [0x00000000a0000000, 0x00000000aab00000, 0x00000000e0000000)
  object space 175104K, 0% used [0x00000000a0000000,0x00000000a0006000,0x00000000aab00000)
 Metaspace       used 20806K, capacity 21144K, committed 21248K, reserved 1067008K
  class space    used 2917K, capacity 3054K, committed 3072K, reserved 1048576K
Event: 2.665 GC heap after
Heap after GC invocations=3 (full 0):
 PSYoungGen      total 76288K, used 8976K [0x00000000e0000000, 0x00000000e9500000, 0x0000000100000000)
  eden space 65536K, 0% used [0x00000000e0000000,0x00000000e0000000,0x00000000e4000000)
  from space 10752K, 83% used [0x00000000e4000000,0x00000000e48c42c0,0x00000000e4a80000)
  to   space 10752K, 0% used [0x00000000e8a80000,0x00000000e8a80000,0x00000000e9500000)
 ParOldGen       total 175104K, used 32K [0x00000000a0000000, 0x00000000aab00000, 0x00000000e0000000)
  object space 175104K, 0% used [0x00000000a0000000,0x00000000a0008000,0x00000000aab00000)
 Metaspace       used 20806K, capacity 21144K, committed 21248K, reserved 1067008K
  class space    used 2917K, capacity 3054K, committed 3072K, reserved 1048576K
}
Event: 2.665 GC heap before
{Heap before GC invocations=4 (full 1):
 PSYoungGen      total 76288K, used 8976K [0x00000000e0000000, 0x00000000e9500000, 0x0000000100000000)
  eden space 65536K, 0% used [0x00000000e0000000,0x00000000e0000000,0x00000000e4000000)
  from space 10752K, 83% used [0x00000000e4000000,0x00000000e48c42c0,0x00000000e4a80000)
  to   space 10752K, 0% used [0x00000000e8a80000,0x00000000e8a80000,0x00000000e9500000)
 ParOldGen       total 175104K, used 32K [0x00000000a0000000, 0x00000000aab00000, 0x00000000e0000000)
  object space 175104K, 0% used [0x00000000a0000000,0x00000000a0008000,0x00000000aab00000)
 Metaspace       used 20806K, capacity 21144K, committed 21248K, reserved 1067008K
  class space    used 2917K, capacity 3054K, committed 3072K, reserved 1048576K
Event: 2.706 GC heap after
Heap after GC invocations=4 (full 1):
 PSYoungGen      total 76288K, used 0K [0x00000000e0000000, 0x00000000e9500000, 0x0000000100000000)
  eden space 65536K, 0% used [0x00000000e0000000,0x00000000e0000000,0x00000000e4000000)
  from space 10752K, 0% used [0x00000000e4000000,0x00000000e4000000,0x00000000e4a80000)
  to   space 10752K, 0% used [0x00000000e8a80000,0x00000000e8a80000,0x00000000e9500000)
 ParOldGen       total 109056K, used 8756K [0x00000000a0000000, 0x00000000a6a80000, 0x00000000e0000000)
  object space 109056K, 8% used [0x00000000a0000000,0x00000000a088d358,0x00000000a6a80000)
 Metaspace       used 20806K, capacity 21144K, committed 21248K, reserved 1067008K
  class space    used 2917K, capacity 3054K, committed 3072K, reserved 1048576K
}
Event: 3.563 GC heap before
{Heap before GC invocations=5 (full 1):
 PSYoungGen      total 76288K, used 65536K [0x00000000e0000000, 0x00000000e9500000, 0x0000000100000000)
  eden space 65536K, 100% used [0x00000000e0000000,0x00000000e4000000,0x00000000e4000000)
  from space 10752K, 0% used [0x00000000e4000000,0x00000000e4000000,0x00000000e4a80000)
  to   space 10752K, 0% used [0x00000000e8a80000,0x00000000e8a80000,0x00000000e9500000)
 ParOldGen       total 109056K, used 8756K [0x00000000a0000000, 0x00000000a6a80000, 0x00000000e0000000)
  object space 109056K, 8% used [0x00000000a0000000,0x00000000a088d358,0x00000000a6a80000)
 Metaspace       used 26372K, capacity 26712K, committed 26880K, reserved 1073152K
  class space    used 3627K, capacity 3749K, committed 3840K, reserved 1048576K
Event: 3.569 GC heap after
Heap after GC invocations=5 (full 1):
 PSYoungGen      total 102400K, used 6761K [0x00000000e0000000, 0x00000000e9180000, 0x0000000100000000)
  eden space 95232K, 0% used [0x00000000e0000000,0x00000000e0000000,0x00000000e5d00000)
  from space 7168K, 94% used [0x00000000e8a80000,0x00000000e911a798,0x00000000e9180000)
  to   space 10752K, 0% used [0x00000000e7c80000,0x00000000e7c80000,0x00000000e8700000)
 ParOldGen       total 109056K, used 8764K [0x00000000a0000000, 0x00000000a6a80000, 0x00000000e0000000)
  object space 109056K, 8% used [0x00000000a0000000,0x00000000a088f358,0x00000000a6a80000)
 Metaspace       used 26372K, capacity 26712K, committed 26880K, reserved 1073152K
  class space    used 3627K, capacity 3749K, committed 3840K, reserved 1048576K
}

Deoptimization events (10 events):
Event: 4.070 Thread 0x000000001e618000 Uncommon trap: reason=bimorphic action=maybe_recompile pc=0x000000000388edbc method=java.io.BufferedInputStream.read([BII)I @ 101
Event: 4.070 Thread 0x000000001e618000 Uncommon trap: reason=unstable_if action=reinterpret pc=0x00000000039f162c method=com.esotericsoftware.kryo.io.Output.writeString(Ljava/lang/CharSequence;)V @ 1
Event: 4.294 Thread 0x000000001ae04000 Uncommon trap: reason=unstable_if action=reinterpret pc=0x000000000393bdbc method=java.net.URLClassLoader.isSealed(Ljava/lang/String;Ljava/util/jar/Manifest;)Z @ 26
Event: 4.295 Thread 0x000000001ae04000 Uncommon trap: reason=unstable_if action=reinterpret pc=0x00000000038e0764 method=java.net.URLClassLoader.isSealed(Ljava/lang/String;Ljava/util/jar/Manifest;)Z @ 26
Event: 4.332 Thread 0x000000001ae04000 Uncommon trap: reason=range_check action=make_not_entrant pc=0x0000000003985ff4 method=java.lang.String.charAt(I)C @ 27
Event: 4.419 Thread 0x000000001b16a000 Uncommon trap: reason=bimorphic action=maybe_recompile pc=0x000000000388edbc method=java.io.BufferedInputStream.read([BII)I @ 101
Event: 4.439 Thread 0x000000001ae04000 Uncommon trap: reason=bimorphic action=maybe_recompile pc=0x00000000036bdda8 method=java.lang.ClassLoader.getPackage(Ljava/lang/String;)Ljava/lang/Package; @ 47
Event: 4.439 Thread 0x000000001ae04000 Uncommon trap: reason=bimorphic action=maybe_recompile pc=0x00000000036bdda8 method=java.lang.ClassLoader.getPackage(Ljava/lang/String;)Ljava/lang/Package; @ 47
Event: 4.439 Thread 0x000000001ae04000 Uncommon trap: reason=bimorphic action=maybe_recompile pc=0x00000000036bdda8 method=java.lang.ClassLoader.getPackage(Ljava/lang/String;)Ljava/lang/Package; @ 47
Event: 4.439 Thread 0x000000001ae04000 Uncommon trap: reason=bimorphic action=maybe_recompile pc=0x00000000036bdda8 method=java.lang.ClassLoader.getPackage(Ljava/lang/String;)Ljava/lang/Package; @ 47

Classes redefined (0 events):
No events

Internal exceptions (10 events):
Event: 4.376 Thread 0x000000001ae04000 Exception <a 'java/lang/ClassNotFoundException': org/gradle/api/internal/AbstractTaskBeanInfo> (0x00000000e476c360) thrown at [D:\src\AOSP-openjdk-cygwin\jdk8u\hotspot\src\share\vm\classfile\systemDictionary.cpp, line 210]
Event: 4.378 Thread 0x000000001ae04000 Exception <a 'java/lang/ClassNotFoundException': org/gradle/api/internal/AbstractTaskCustomizer> (0x00000000e4798838) thrown at [D:\src\AOSP-openjdk-cygwin\jdk8u\hotspot\src\share\vm\classfile\systemDictionary.cpp, line 210]
Event: 4.382 Thread 0x000000001ae04000 Exception <a 'java/lang/ClassNotFoundException': org/gradle/api/DefaultTaskCustomizer> (0x00000000e4822610) thrown at [D:\src\AOSP-openjdk-cygwin\jdk8u\hotspot\src\share\vm\classfile\systemDictionary.cpp, line 210]
Event: 4.384 Thread 0x000000001ae04000 Exception <a 'java/lang/ClassNotFoundException': org/gradle/api/internal/ConventionTaskCustomizer> (0x00000000e485e4f8) thrown at [D:\src\AOSP-openjdk-cygwin\jdk8u\hotspot\src\share\vm\classfile\systemDictionary.cpp, line 210]
Event: 4.385 Thread 0x000000001ae04000 Exception <a 'java/lang/ClassNotFoundException': org/gradle/api/tasks/DeleteCustomizer> (0x00000000e4897f68) thrown at [D:\src\AOSP-openjdk-cygwin\jdk8u\hotspot\src\share\vm\classfile\systemDictionary.cpp, line 210]
Event: 4.388 Thread 0x000000001ae04000 Exception <a 'java/lang/ClassNotFoundException': org/gradle/api/tasks/Delete_DecoratedCustomizer> (0x00000000e48df0d8) thrown at [D:\src\AOSP-openjdk-cygwin\jdk8u\hotspot\src\share\vm\classfile\systemDictionary.cpp, line 210]
Event: 4.429 Thread 0x000000001ae04000 Exception <a 'java/lang/ClassNotFoundException': build_1r0a3vwhr8iwrze0pbn8sd24kBeanInfo> (0x00000000e4a6b710) thrown at [D:\src\AOSP-openjdk-cygwin\jdk8u\hotspot\src\share\vm\classfile\systemDictionary.cpp, line 210]
Event: 4.430 Thread 0x000000001ae04000 Exception <a 'java/lang/ClassNotFoundException': build_1r0a3vwhr8iwrze0pbn8sd24kCustomizer> (0x00000000e4a76108) thrown at [D:\src\AOSP-openjdk-cygwin\jdk8u\hotspot\src\share\vm\classfile\systemDictionary.cpp, line 210]
Event: 4.435 Thread 0x000000001ae04000 Exception <a 'java/lang/ClassNotFoundException': org/gradle/api/internal/plugins/DefaultObjectConfigurationActionBeanInfo> (0x00000000e4ade600) thrown at [D:\src\AOSP-openjdk-cygwin\jdk8u\hotspot\src\share\vm\classfile\systemDictionary.cpp, line 210]
Event: 4.436 Thread 0x000000001ae04000 Exception <a 'java/lang/ClassNotFoundException': org/gradle/api/internal/plugins/DefaultObjectConfigurationActionCustomizer> (0x00000000e4b18718) thrown at [D:\src\AOSP-openjdk-cygwin\jdk8u\hotspot\src\share\vm\classfile\systemDictionary.cpp, line 210]

Events (10 events):
Event: 4.486 loading class com/google/common/collect/AbstractIndexedListIterator
Event: 4.486 loading class com/google/common/collect/AbstractIndexedListIterator done
Event: 4.486 loading class com/google/common/collect/RegularImmutableList
Event: 4.486 loading class com/google/common/collect/RegularImmutableList done
Event: 4.486 loading class com/google/common/collect/ImmutableList$SubList
Event: 4.486 loading class com/google/common/collect/ImmutableList$SubList done
Event: 4.489 loading class com/google/common/collect/ObjectArrays
Event: 4.489 loading class com/google/common/collect/ObjectArrays done
Event: 4.492 loading class com/android/build/gradle/internal/ClasspathVerifier
Event: 4.492 loading class com/android/build/gradle/internal/ClasspathVerifier done


Dynamic libraries:
0x00007ff7af5b0000 - 0x00007ff7af5e1000 	C:\Program Files\Android\android-studio-canary\jre\bin\java.exe
0x00007ffa1e2e0000 - 0x00007ffa1e4c1000 	C:\WINDOWS\SYSTEM32\ntdll.dll
0x00007ffa1be90000 - 0x00007ffa1bf42000 	C:\WINDOWS\System32\KERNEL32.DLL
0x00007ffa1aa80000 - 0x00007ffa1acf3000 	C:\WINDOWS\System32\KERNELBASE.dll
0x00007ffa1c330000 - 0x00007ffa1c3d1000 	C:\WINDOWS\System32\ADVAPI32.dll
0x00007ffa1c1c0000 - 0x00007ffa1c25e000 	C:\WINDOWS\System32\msvcrt.dll
0x00007ffa1c2c0000 - 0x00007ffa1c31b000 	C:\WINDOWS\System32\sechost.dll
0x00007ffa1b770000 - 0x00007ffa1b894000 	C:\WINDOWS\System32\RPCRT4.dll
0x00007ffa1b8a0000 - 0x00007ffa1ba30000 	C:\WINDOWS\System32\USER32.dll
0x00007ffa1aef0000 - 0x00007ffa1af10000 	C:\WINDOWS\System32\win32u.dll
0x00007ffa1c510000 - 0x00007ffa1c538000 	C:\WINDOWS\System32\GDI32.dll
0x00007ffa1ad00000 - 0x00007ffa1ae92000 	C:\WINDOWS\System32\gdi32full.dll
0x00007ffa1b620000 - 0x00007ffa1b6bf000 	C:\WINDOWS\System32\msvcp_win.dll
0x00007ffa1a980000 - 0x00007ffa1aa7a000 	C:\WINDOWS\System32\ucrtbase.dll
0x00007ffa109b0000 - 0x00007ffa10c19000 	C:\WINDOWS\WinSxS\amd64_microsoft.windows.common-controls_6595b64144ccf1df_6.0.17134.48_none_b4b2216a3cb4dd3e\COMCTL32.dll
0x00007ffa1df80000 - 0x00007ffa1e2a3000 	C:\WINDOWS\System32\combase.dll
0x00007ffa1a710000 - 0x00007ffa1a78a000 	C:\WINDOWS\System32\bcryptPrimitives.dll
0x00007ffa1c3e0000 - 0x00007ffa1c40d000 	C:\WINDOWS\System32\IMM32.DLL
0x000000005b890000 - 0x000000005b962000 	C:\Program Files\Android\android-studio-canary\jre\jre\bin\msvcr100.dll
0x000000005b970000 - 0x000000005c1b1000 	C:\Program Files\Android\android-studio-canary\jre\jre\bin\server\jvm.dll
0x00007ffa1c320000 - 0x00007ffa1c328000 	C:\WINDOWS\System32\PSAPI.DLL
0x00007ffa17f30000 - 0x00007ffa17f3a000 	C:\WINDOWS\SYSTEM32\VERSION.dll
0x00007ffa13ed0000 - 0x00007ffa13ed9000 	C:\WINDOWS\SYSTEM32\WSOCK32.dll
0x00007ffa15880000 - 0x00007ffa158a3000 	C:\WINDOWS\SYSTEM32\WINMM.dll
0x00007ffa1bf50000 - 0x00007ffa1bfbc000 	C:\WINDOWS\System32\WS2_32.dll
0x00007ffa15850000 - 0x00007ffa1587a000 	C:\WINDOWS\SYSTEM32\winmmbase.dll
0x00007ffa1aea0000 - 0x00007ffa1aee9000 	C:\WINDOWS\System32\cfgmgr32.dll
0x00007ffa17ba0000 - 0x00007ffa17baf000 	C:\Program Files\Android\android-studio-canary\jre\jre\bin\verify.dll
0x00007ffa158b0000 - 0x00007ffa158d9000 	C:\Program Files\Android\android-studio-canary\jre\jre\bin\java.dll
0x00007ffa13ee0000 - 0x00007ffa13ef6000 	C:\Program Files\Android\android-studio-canary\jre\jre\bin\zip.dll
0x00007ffa1cb40000 - 0x00007ffa1df80000 	C:\WINDOWS\System32\SHELL32.dll
0x00007ffa1bb20000 - 0x00007ffa1bbc9000 	C:\WINDOWS\System32\shcore.dll
0x00007ffa1af10000 - 0x00007ffa1b61d000 	C:\WINDOWS\System32\windows.storage.dll
0x00007ffa1c4b0000 - 0x00007ffa1c501000 	C:\WINDOWS\System32\shlwapi.dll
0x00007ffa1a600000 - 0x00007ffa1a611000 	C:\WINDOWS\System32\kernel.appcore.dll
0x00007ffa1a620000 - 0x00007ffa1a63f000 	C:\WINDOWS\System32\profapi.dll
0x00007ffa1a660000 - 0x00007ffa1a6ac000 	C:\WINDOWS\System32\powrprof.dll
0x00007ffa1a5f0000 - 0x00007ffa1a5fa000 	C:\WINDOWS\System32\FLTLIB.DLL
0x00007ffa13da0000 - 0x00007ffa13dba000 	C:\Program Files\Android\android-studio-canary\jre\jre\bin\net.dll
0x00007ffa19b10000 - 0x00007ffa19b76000 	C:\WINDOWS\system32\mswsock.dll
0x00007ffa0f650000 - 0x00007ffa0f661000 	C:\Program Files\Android\android-studio-canary\jre\jre\bin\nio.dll
0x00007ff9f2870000 - 0x00007ff9f288e000 	C:\Users\cngz\.gradle\native\25\windows-amd64\native-platform.dll
0x00007ffa13d90000 - 0x00007ffa13d9d000 	C:\Program Files\Android\android-studio-canary\jre\jre\bin\management.dll
0x00007ffa1a310000 - 0x00007ffa1a327000 	C:\WINDOWS\SYSTEM32\CRYPTSP.dll
0x00007ffa196f0000 - 0x00007ffa19723000 	C:\WINDOWS\system32\rsaenh.dll
0x00007ffa19f80000 - 0x00007ffa19fa5000 	C:\WINDOWS\SYSTEM32\bcrypt.dll
0x00007ffa1a520000 - 0x00007ffa1a548000 	C:\WINDOWS\SYSTEM32\USERENV.dll
0x00007ffa19cc0000 - 0x00007ffa19ccb000 	C:\WINDOWS\SYSTEM32\CRYPTBASE.dll
0x00007ffa19890000 - 0x00007ffa198c8000 	C:\WINDOWS\SYSTEM32\IPHLPAPI.DLL
0x00007ffa1be80000 - 0x00007ffa1be88000 	C:\WINDOWS\System32\NSI.dll
0x00007ffa11940000 - 0x00007ffa11956000 	C:\WINDOWS\SYSTEM32\dhcpcsvc6.DLL
0x00007ffa11d00000 - 0x00007ffa11d1a000 	C:\WINDOWS\SYSTEM32\dhcpcsvc.DLL
0x00007ffa19fb0000 - 0x00007ffa1a179000 	C:\WINDOWS\SYSTEM32\dbghelp.dll

VM Arguments:
jvm_args: -Xmx1536m -Dfile.encoding=windows-1254 -Duser.country=TR -Duser.language=tr -Duser.variant 
java_command: org.gradle.launcher.daemon.bootstrap.GradleDaemon 4.6
java_class_path (initial): C:\Users\cngz\.gradle\wrapper\dists\gradle-4.6-all\bcst21l2brirad8k2ben1letg\gradle-4.6\lib\gradle-launcher-4.6.jar
Launcher Type: SUN_STANDARD

Environment Variables:
PATH=C:\WINDOWS\system32;C:\WINDOWS;C:\WINDOWS\System32\Wbem;C:\WINDOWS\System32\WindowsPowerShell\v1.0\;C:\Program Files\Microsoft\Web Platform Installer\;C:\Program Files (x86)\Microsoft ASP.NET\ASP.NET Web Pages\v1.0\;C:\Program Files (x86)\Windows Kits\8.0\Windows Performance Toolkit\;C:\Program Files\Microsoft SQL Server\110\Tools\Binn\;C:\Program Files (x86)\Microsoft SQL Server\90\Tools\binn\;C:\Program Files\Microsoft SQL Server\Client SDK\ODBC\110\Tools\Binn\;C:\Program Files (x86)\Microsoft SQL Server\120\Tools\Binn\;C:\Program Files\Microsoft SQL Server\120\Tools\Binn\;C:\Program Files\Microsoft SQL Server\120\DTS\Binn\;C:\Program Files (x86)\Microsoft SQL Server\120\Tools\Binn\ManagementStudio\;C:\Program Files (x86)\Microsoft SQL Server\120\DTS\Binn\;C:\Program Files\MySQL\MySQL Utilities 1.6\;C:\Program Files (x86)\GtkSharp\2.12\bin;C:\WINDOWS\System32\OpenSSH\;C:\Users\cngz\AppData\Local\Microsoft\WindowsApps;C:\Program Files\Java\jdk1.8.0_121\bin\java.exe;C:\Program Files\Java\jdk1.8.0_121\bin\javaw.exe;
USERNAME=cngz
OS=Windows_NT
PROCESSOR_IDENTIFIER=Intel64 Family 6 Model 58 Stepping 9, GenuineIntel



---------------  S Y S T E M  ---------------

OS: Windows 10.0 , 64 bit Build 17134 (10.0.17134.1)

CPU:total 8 (initial active 8) (4 cores per cpu, 2 threads per core) family 6 model 58 stepping 9, cmov, cx8, fxsr, mmx, sse, sse2, sse3, ssse3, sse4.1, sse4.2, popcnt, avx, aes, clmul, erms, ht, tsc, tscinvbit, tscinv

Memory: 4k page, physical 16671536k(6814332k free), swap 19686192k(6593024k free)

vm_info: OpenJDK 64-Bit Server VM (25.152-b03) for windows-amd64 JRE (1.8.0_152-release-1136-b03), built by "builder" with MS VC++ 10.0 (VS2010)

time: Tue May 15 22:47:55 2018
elapsed time: 4 seconds (0d 0h 0m 4s)

