#
# A fatal error has been detected by the Java Runtime Environment:
#
#  EXCEPTION_ACCESS_VIOLATION (0xc0000005) at pc=0x000000005bdfe97f, pid=17928, tid=0x00000000000033d4
#
# JRE version: OpenJDK Runtime Environment (8.0_152-b03) (build 1.8.0_152-release-1136-b03)
# Java VM: OpenJDK 64-Bit Server VM (25.152-b03 mixed mode windows-amd64 compressed oops)
# Problematic frame:
# V  [jvm.dll+0x48e97f]
#
# Failed to write core dump. Minidumps are not enabled by default on client versions of Windows
#
# If you would like to submit a bug report, please visit:
#   http://bugreport.java.com/bugreport/crash.jsp
#

---------------  T H R E A D  ---------------

Current thread (0x0000000019001800):  JavaThread "C2 CompilerThread0" daemon [_thread_in_native, id=13268, stack(0x00000000197c0000,0x00000000198c0000)]

siginfo: ExceptionCode=0xc0000005, reading address 0xffffffffffffffff

Registers:
RAX=0xb2e8000000005bf9, RBX=0x000000001902b2b2, RCX=0x000000001902b2b2, RDX=0x0000000000000000
RSP=0x00000000198bbc20, RBP=0x0000000020fdc8a0, RSI=0x00000000198bc140, RDI=0x00000000198bbce8
R8 =0x0000000000000002, R9 =0x0000000000000000, R10=0x00000000283709f0, R11=0x0000000000000002
R12=0x00000000198bbcc8, R13=0x0000000000000028, R14=0x0000000020fde628, R15=0x0000000000000005
RIP=0x000000005bdfe97f, EFLAGS=0x0000000000010206

Top of Stack: (sp=0x00000000198bbc20)
0x00000000198bbc20:   000000002836eb28 0000000000000348
0x00000000198bbc30:   00000000198bbce8 00000000198bbcc8
0x00000000198bbc40:   0000000028f2cfa0 00000000170c46a0
0x00000000198bbc50:   0000000000000016 0000000000000002
0x00000000198bbc60:   000000001902b2b0 000000001a2078e0
0x00000000198bbc70:   00000000170c46a0 00000000198bc120
0x00000000198bbc80:   00000000198bbd90 000000005be00a3b
0x00000000198bbc90:   00000000198bc120 00000000198bbce8
0x00000000198bbca0:   0000000000000069 00000000198bbd38
0x00000000198bbcb0:   000000001a207930 000000001a20f8c8
0x00000000198bbcc0:   0000000000130130 00000000170c46a0
0x00000000198bbcd0:   0000000000000200 0000000028a3df50
0x00000000198bbce0:   0000000000000174 000000005bfa80d8
0x00000000198bbcf0:   00000000170c46a0 0000000000000200
0x00000000198bbd00:   0000000028a3d750 0000000000000016
0x00000000198bbd10:   000000001a2078e0 00000000170c46a0 

Instructions: (pc=0x000000005bdfe97f)
0x000000005bdfe95f:   00 49 8b 46 08 41 ff c7 49 83 c5 08 49 8b 5c 05
0x000000005bdfe96f:   f8 48 85 db 0f 84 d3 00 00 00 48 8b 03 48 8b cb
0x000000005bdfe97f:   ff 90 b0 00 00 00 84 c0 74 37 48 8b 03 48 8b cb
0x000000005bdfe98f:   ff 50 10 84 c0 75 2a 48 8b 43 08 8b 7b 28 48 8b 


Register to memory mapping:

RAX=0xb2e8000000005bf9 is an unknown value
RBX=0x000000001902b2b2 is an unknown value
RCX=0x000000001902b2b2 is an unknown value
RDX=0x0000000000000000 is an unknown value
RSP=0x00000000198bbc20 is pointing into the stack for thread: 0x0000000019001800
RBP=0x0000000020fdc8a0 is an unknown value
RSI=0x00000000198bc140 is pointing into the stack for thread: 0x0000000019001800
RDI=0x00000000198bbce8 is pointing into the stack for thread: 0x0000000019001800
R8 =0x0000000000000002 is an unknown value
R9 =0x0000000000000000 is an unknown value
R10=0x00000000283709f0 is an unknown value
R11=0x0000000000000002 is an unknown value
R12=0x00000000198bbcc8 is pointing into the stack for thread: 0x0000000019001800
R13=0x0000000000000028 is an unknown value
R14=0x0000000020fde628 is an unknown value
R15=0x0000000000000005 is an unknown value


Stack: [0x00000000197c0000,0x00000000198c0000],  sp=0x00000000198bbc20,  free space=1007k
Native frames: (J=compiled Java code, j=interpreted, Vv=VM code, C=native code)
V  [jvm.dll+0x48e97f]
V  [jvm.dll+0x490a3b]
V  [jvm.dll+0x441099]
V  [jvm.dll+0x4421d2]
V  [jvm.dll+0x4252c2]
V  [jvm.dll+0x813d8]
V  [jvm.dll+0x81d0f]
V  [jvm.dll+0x21d41f]
V  [jvm.dll+0x26d9aa]
C  [msvcr100.dll+0x21d9f]
C  [msvcr100.dll+0x21e3b]
C  [KERNEL32.DLL+0x13034]
C  [ntdll.dll+0x71551]


Current CompileTask:
C2: 142230 16590       4       com.android.tools.r8.ir.conversion.JarSourceCode::traceInstruction (266 bytes)


---------------  P R O C E S S  ---------------

Java Threads: ( => current thread )
  0x000000001dcd8000 JavaThread "ForkJoinPool.commonPool-worker-0" daemon [_thread_in_native, id=18860, stack(0x000000002c9f0000,0x000000002caf0000)]
  0x000000001dcd7000 JavaThread "ForkJoinPool.commonPool-worker-7" daemon [_thread_blocked, id=10416, stack(0x000000002c8f0000,0x000000002c9f0000)]
  0x000000001dcd3800 JavaThread "ForkJoinPool.commonPool-worker-6" daemon [_thread_blocked, id=18800, stack(0x000000002c7f0000,0x000000002c8f0000)]
  0x000000001dcd5800 JavaThread "ForkJoinPool.commonPool-worker-5" daemon [_thread_in_Java, id=14228, stack(0x000000002c6f0000,0x000000002c7f0000)]
  0x000000001dcd2800 JavaThread "ForkJoinPool.commonPool-worker-4" daemon [_thread_in_native, id=19168, stack(0x000000002c5f0000,0x000000002c6f0000)]
  0x000000001dcd0800 JavaThread "ForkJoinPool.commonPool-worker-3" daemon [_thread_in_native, id=14564, stack(0x000000002c4f0000,0x000000002c5f0000)]
  0x000000001dcd6800 JavaThread "ForkJoinPool.commonPool-worker-2" daemon [_thread_blocked, id=5776, stack(0x000000002c3f0000,0x000000002c4f0000)]
  0x000000001dcd4000 JavaThread "Cache worker for Java compile cache (D:\Google Drive\Software\Android\Imsakiye\.gradle\4.6\javaCompile)" [_thread_blocked, id=18616, stack(0x000000002c2f0000,0x000000002c3f0000)]
  0x000000001dcd2000 JavaThread "stdout" [_thread_in_native, id=6096, stack(0x000000002c1f0000,0x000000002c2f0000)]
  0x000000001dcd5000 JavaThread "stderr" [_thread_in_native, id=18848, stack(0x000000002c0f0000,0x000000002c1f0000)]
  0x000000001dccc800 JavaThread "pool-3-thread-1" [_thread_blocked, id=19108, stack(0x000000002bff0000,0x000000002c0f0000)]
  0x000000001dcd1000 JavaThread "Task worker for ':' Thread 7" [_thread_blocked, id=9344, stack(0x000000002bef0000,0x000000002bff0000)]
  0x000000001dcc9000 JavaThread "Task worker for ':' Thread 6" [_thread_blocked, id=9696, stack(0x000000002bdf0000,0x000000002bef0000)]
  0x000000001dccb000 JavaThread "Task worker for ':' Thread 5" [_thread_blocked, id=16196, stack(0x000000002bcf0000,0x000000002bdf0000)]
  0x000000001dcce000 JavaThread "Task worker for ':' Thread 4" [_thread_blocked, id=17404, stack(0x000000002bbf0000,0x000000002bcf0000)]
  0x000000001dcca800 JavaThread "Task worker for ':' Thread 3" [_thread_blocked, id=13080, stack(0x000000002baf0000,0x000000002bbf0000)]
  0x000000001dccd800 JavaThread "Task worker for ':' Thread 2" [_thread_blocked, id=9368, stack(0x000000002b9f0000,0x000000002baf0000)]
  0x000000001dccf800 JavaThread "Task worker for ':'" [_thread_blocked, id=11984, stack(0x000000002b8f0000,0x000000002b9f0000)]
  0x000000001dccf000 JavaThread "Cache worker for Build Output Cleanup Cache (D:\Google Drive\Software\Android\Imsakiye\.gradle\buildOutputCleanup)" [_thread_blocked, id=4240, stack(0x000000002b7f0000,0x000000002b8f0000)]
  0x000000001dccc000 JavaThread "Cache worker for task history cache (D:\Google Drive\Software\Android\Imsakiye\.gradle\4.6\taskHistory)" [_thread_blocked, id=1268, stack(0x000000002b6f0000,0x000000002b7f0000)]
  0x000000001f128000 JavaThread "Cache worker for file content cache (D:\Google Drive\Software\Android\Imsakiye\.gradle\4.6\fileContent)" [_thread_blocked, id=10800, stack(0x000000002b5f0000,0x000000002b6f0000)]
  0x000000001f126800 JavaThread "Build operations Thread 8" [_thread_blocked, id=16020, stack(0x000000002b4f0000,0x000000002b5f0000)]
  0x000000001f123800 JavaThread "Build operations Thread 7" [_thread_blocked, id=18764, stack(0x000000002b3f0000,0x000000002b4f0000)]
  0x000000001f125000 JavaThread "Build operations Thread 6" [_thread_blocked, id=8636, stack(0x000000002b2f0000,0x000000002b3f0000)]
  0x000000001f124000 JavaThread "Build operations Thread 5" [_thread_blocked, id=13848, stack(0x000000002b1f0000,0x000000002b2f0000)]
  0x000000001f127000 JavaThread "Build operations Thread 4" [_thread_blocked, id=9280, stack(0x000000002b0f0000,0x000000002b1f0000)]
  0x000000001f128800 JavaThread "Build operations Thread 3" [_thread_blocked, id=17560, stack(0x000000002aff0000,0x000000002b0f0000)]
  0x000000001f125800 JavaThread "Build operations Thread 2" [_thread_blocked, id=14664, stack(0x000000002aef0000,0x000000002aff0000)]
  0x000000001f11b800 JavaThread "Build operations" [_thread_blocked, id=14148, stack(0x000000002adf0000,0x000000002aef0000)]
  0x000000001f11f000 JavaThread "Cache worker for Artifact transforms cache (C:\Users\cngz\.gradle\caches\transforms-1)" [_thread_blocked, id=18072, stack(0x000000002acf0000,0x000000002adf0000)]
  0x000000001f11e000 JavaThread "Cache worker for file hash cache (D:\Google Drive\Software\Android\Imsakiye\.gradle\4.6\fileHashes)" [_thread_blocked, id=2920, stack(0x000000002abf0000,0x000000002acf0000)]
  0x000000001f122000 JavaThread "Stdin handler" [_thread_blocked, id=13404, stack(0x000000002aaf0000,0x000000002abf0000)]
  0x000000001f11d000 JavaThread "Asynchronous log dispatcher for DefaultDaemonConnection: socket connection from /127.0.0.1:61621 to /127.0.0.1:61721" [_thread_blocked, id=5972, stack(0x000000002a9f0000,0x000000002aaf0000)]
  0x000000001f11c800 JavaThread "Cancel handler" [_thread_blocked, id=7124, stack(0x000000002a8f0000,0x000000002a9f0000)]
  0x000000001f122800 JavaThread "Handler for socket connection from /127.0.0.1:61621 to /127.0.0.1:61721" [_thread_in_native, id=5328, stack(0x000000002a7f0000,0x000000002a8f0000)]
  0x000000001f11f800 JavaThread "Memory manager" [_thread_blocked, id=16880, stack(0x0000000023ee0000,0x0000000023fe0000)]
  0x000000001f119800 JavaThread "pool-1-thread-1" [_thread_blocked, id=2716, stack(0x0000000023be0000,0x0000000023ce0000)]
  0x000000001b1dd800 JavaThread "File lock request listener" [_thread_in_native, id=7944, stack(0x000000001ca00000,0x000000001cb00000)]
  0x000000001b1cc000 JavaThread "Cache worker for file hash cache (C:\Users\cngz\.gradle\caches\4.6\fileHashes)" [_thread_blocked, id=16240, stack(0x000000001c900000,0x000000001ca00000)]
  0x000000001af25000 JavaThread "Daemon worker" [_thread_blocked, id=12956, stack(0x000000001c300000,0x000000001c400000)]
  0x000000001aed3800 JavaThread "Daemon" [_thread_blocked, id=11224, stack(0x000000001be00000,0x000000001bf00000)]
  0x000000001aece800 JavaThread "Daemon periodic checks" [_thread_blocked, id=17360, stack(0x000000001bd00000,0x000000001be00000)]
  0x000000001ae6e800 JavaThread "Incoming local TCP Connector on port 61621" [_thread_in_native, id=16548, stack(0x000000001bad0000,0x000000001bbd0000)]
  0x00000000190a5800 JavaThread "Service Thread" daemon [_thread_blocked, id=18816, stack(0x0000000019bc0000,0x0000000019cc0000)]
  0x000000001902a800 JavaThread "C1 CompilerThread3" daemon [_thread_blocked, id=6732, stack(0x0000000019ac0000,0x0000000019bc0000)]
  0x00000000170de000 JavaThread "C2 CompilerThread2" daemon [_thread_in_native, id=1472, stack(0x00000000199c0000,0x0000000019ac0000)]
  0x0000000019003000 JavaThread "C2 CompilerThread1" daemon [_thread_in_native, id=1076, stack(0x00000000198c0000,0x00000000199c0000)]
=>0x0000000019001800 JavaThread "C2 CompilerThread0" daemon [_thread_in_native, id=13268, stack(0x00000000197c0000,0x00000000198c0000)]
  0x0000000018ffc000 JavaThread "Attach Listener" daemon [_thread_blocked, id=14020, stack(0x00000000196c0000,0x00000000197c0000)]
  0x0000000018ffb000 JavaThread "Signal Dispatcher" daemon [_thread_blocked, id=18200, stack(0x00000000195c0000,0x00000000196c0000)]
  0x0000000018ff0800 JavaThread "Finalizer" daemon [_thread_blocked, id=3764, stack(0x00000000193d0000,0x00000000194d0000)]
  0x0000000003309000 JavaThread "Reference Handler" daemon [_thread_blocked, id=7076, stack(0x0000000018ed0000,0x0000000018fd0000)]
  0x000000000310e000 JavaThread "main" [_thread_blocked, id=16932, stack(0x0000000003110000,0x0000000003210000)]

Other Threads:
  0x00000000170c5800 VMThread [stack: 0x0000000018dd0000,0x0000000018ed0000] [id=18112]
  0x00000000190a6800 WatcherThread [stack: 0x0000000019cc0000,0x0000000019dc0000] [id=13204]

VM state:not at safepoint (normal execution)

VM Mutex/Monitor currently owned by a thread: None

Heap:
 PSYoungGen      total 479744K, used 88785K [0x00000000e0000000, 0x0000000100000000, 0x0000000100000000)
  eden space 439808K, 19% used [0x00000000e0000000,0x00000000e54069c8,0x00000000fad80000)
  from space 39936K, 6% used [0x00000000fad80000,0x00000000fb02dda8,0x00000000fd480000)
  to   space 39936K, 0% used [0x00000000fd900000,0x00000000fd900000,0x0000000100000000)
 ParOldGen       total 149504K, used 102380K [0x00000000a0000000, 0x00000000a9200000, 0x00000000e0000000)
  object space 149504K, 68% used [0x00000000a0000000,0x00000000a63fb250,0x00000000a9200000)
 Metaspace       used 88655K, capacity 93254K, committed 93568K, reserved 1130496K
  class space    used 11546K, capacity 12561K, committed 12672K, reserved 1048576K

Card table byte_map: [0x00000000126d0000,0x00000000129e0000] byte_map_base: 0x00000000121d0000

Marking Bits: (ParMarkBitMap*) 0x000000005c135aa0
 Begin Bits: [0x00000000133e0000, 0x0000000014be0000)
 End Bits:   [0x0000000014be0000, 0x00000000163e0000)

Polling page: 0x0000000001590000

CodeCache: size=245760Kb used=45578Kb max_used=45811Kb free=200181Kb
 bounds [0x0000000003310000, 0x0000000006010000, 0x0000000012310000]
 total_blobs=14774 nmethods=13890 adapters=794
 compilation: enabled

Compilation events (10 events):
Event: 142.121 Thread 0x000000001902a800 16624       2       com.android.tools.r8.graph.ObjectToOffsetMapping::getMethods (8 bytes)
Event: 142.122 Thread 0x000000001902a800 nmethod 16624 0x0000000004deb710 code [0x0000000004deb880, 0x0000000004deba08]
Event: 142.122 Thread 0x000000001902a800 16625       2       com.android.tools.r8.dex.DexOutputBuffer::asArray (8 bytes)
Event: 142.122 Thread 0x000000001902a800 nmethod 16625 0x00000000056fa4d0 code [0x00000000056fa640, 0x00000000056fa8b8]
Event: 142.164 Thread 0x000000001902a800 16626       1       com.android.tools.r8.it.unimi.dsi.fastutil.objects.Reference2IntLinkedOpenHashMap$KeySet::size (8 bytes)
Event: 142.165 Thread 0x000000001902a800 nmethod 16626 0x000000000592ddd0 code [0x000000000592df20, 0x000000000592e030]
Event: 142.209 Thread 0x000000001902a800 16627       2       com.android.tools.r8.code.FillArrayDataPayload::getSize (8 bytes)
Event: 142.210 Thread 0x000000001902a800 nmethod 16627 0x0000000004deb3d0 code [0x0000000004deb520, 0x0000000004deb670]
Event: 142.210 Thread 0x000000001902a800 16628       2       com.android.tools.r8.graph.DexValue$DexValueNull::writeTo (8 bytes)
Event: 142.211 Thread 0x000000001902a800 nmethod 16628 0x000000000594c750 code [0x000000000594c8c0, 0x000000000594ca78]

GC Heap History (10 events):
Event: 138.084 GC heap before
{Heap before GC invocations=14 (full 3):
 PSYoungGen      total 468480K, used 468469K [0x00000000e0000000, 0x0000000100000000, 0x0000000100000000)
  eden space 437248K, 100% used [0x00000000e0000000,0x00000000fab00000,0x00000000fab00000)
  from space 31232K, 99% used [0x00000000fe180000,0x00000000ffffd518,0x0000000100000000)
  to   space 43520K, 0% used [0x00000000fab00000,0x00000000fab00000,0x00000000fd580000)
 ParOldGen       total 149504K, used 67858K [0x00000000a0000000, 0x00000000a9200000, 0x00000000e0000000)
  object space 149504K, 45% used [0x00000000a0000000,0x00000000a4244830,0x00000000a9200000)
 Metaspace       used 88221K, capacity 92796K, committed 93056K, reserved 1130496K
  class space    used 11535K, capacity 12554K, committed 12672K, reserved 1048576K
Event: 138.120 GC heap after
Heap after GC invocations=14 (full 3):
 PSYoungGen      total 480768K, used 8405K [0x00000000e0000000, 0x0000000100000000, 0x0000000100000000)
  eden space 437248K, 0% used [0x00000000e0000000,0x00000000e0000000,0x00000000fab00000)
  from space 43520K, 19% used [0x00000000fab00000,0x00000000fb335670,0x00000000fd580000)
  to   space 43008K, 0% used [0x00000000fd600000,0x00000000fd600000,0x0000000100000000)
 ParOldGen       total 149504K, used 92154K [0x00000000a0000000, 0x00000000a9200000, 0x00000000e0000000)
  object space 149504K, 61% used [0x00000000a0000000,0x00000000a59feb28,0x00000000a9200000)
 Metaspace       used 88221K, capacity 92796K, committed 93056K, reserved 1130496K
  class space    used 11535K, capacity 12554K, committed 12672K, reserved 1048576K
}
Event: 139.087 GC heap before
{Heap before GC invocations=15 (full 3):
 PSYoungGen      total 480768K, used 445653K [0x00000000e0000000, 0x0000000100000000, 0x0000000100000000)
  eden space 437248K, 100% used [0x00000000e0000000,0x00000000fab00000,0x00000000fab00000)
  from space 43520K, 19% used [0x00000000fab00000,0x00000000fb335670,0x00000000fd580000)
  to   space 43008K, 0% used [0x00000000fd600000,0x00000000fd600000,0x0000000100000000)
 ParOldGen       total 149504K, used 92154K [0x00000000a0000000, 0x00000000a9200000, 0x00000000e0000000)
  object space 149504K, 61% used [0x00000000a0000000,0x00000000a59feb28,0x00000000a9200000)
 Metaspace       used 88386K, capacity 92948K, committed 93312K, reserved 1130496K
  class space    used 11536K, capacity 12554K, committed 12672K, reserved 1048576K
Event: 139.101 GC heap after
Heap after GC invocations=15 (full 3):
 PSYoungGen      total 479232K, used 7038K [0x00000000e0000000, 0x00000000ffe80000, 0x0000000100000000)
  eden space 437760K, 0% used [0x00000000e0000000,0x00000000e0000000,0x00000000fab80000)
  from space 41472K, 16% used [0x00000000fd600000,0x00000000fdcdfad8,0x00000000ffe80000)
  to   space 42496K, 0% used [0x00000000fab80000,0x00000000fab80000,0x00000000fd500000)
 ParOldGen       total 149504K, used 96106K [0x00000000a0000000, 0x00000000a9200000, 0x00000000e0000000)
  object space 149504K, 64% used [0x00000000a0000000,0x00000000a5dda9b8,0x00000000a9200000)
 Metaspace       used 88386K, capacity 92948K, committed 93312K, reserved 1130496K
  class space    used 11536K, capacity 12554K, committed 12672K, reserved 1048576K
}
Event: 140.032 GC heap before
{Heap before GC invocations=16 (full 3):
 PSYoungGen      total 479232K, used 444798K [0x00000000e0000000, 0x00000000ffe80000, 0x0000000100000000)
  eden space 437760K, 100% used [0x00000000e0000000,0x00000000fab80000,0x00000000fab80000)
  from space 41472K, 16% used [0x00000000fd600000,0x00000000fdcdfad8,0x00000000ffe80000)
  to   space 42496K, 0% used [0x00000000fab80000,0x00000000fab80000,0x00000000fd500000)
 ParOldGen       total 149504K, used 96106K [0x00000000a0000000, 0x00000000a9200000, 0x00000000e0000000)
  object space 149504K, 64% used [0x00000000a0000000,0x00000000a5dda9b8,0x00000000a9200000)
 Metaspace       used 88470K, capacity 93024K, committed 93312K, reserved 1130496K
  class space    used 11536K, capacity 12554K, committed 12672K, reserved 1048576K
Event: 140.043 GC heap after
Heap after GC invocations=16 (full 3):
 PSYoungGen      total 480256K, used 6832K [0x00000000e0000000, 0x0000000100000000, 0x0000000100000000)
  eden space 437760K, 0% used [0x00000000e0000000,0x00000000e0000000,0x00000000fab80000)
  from space 42496K, 16% used [0x00000000fab80000,0x00000000fb22c238,0x00000000fd500000)
  to   space 41984K, 0% used [0x00000000fd700000,0x00000000fd700000,0x0000000100000000)
 ParOldGen       total 149504K, used 99368K [0x00000000a0000000, 0x00000000a9200000, 0x00000000e0000000)
  object space 149504K, 66% used [0x00000000a0000000,0x00000000a610a208,0x00000000a9200000)
 Metaspace       used 88470K, capacity 93024K, committed 93312K, reserved 1130496K
  class space    used 11536K, capacity 12554K, committed 12672K, reserved 1048576K
}
Event: 140.902 GC heap before
{Heap before GC invocations=17 (full 3):
 PSYoungGen      total 480256K, used 444592K [0x00000000e0000000, 0x0000000100000000, 0x0000000100000000)
  eden space 437760K, 100% used [0x00000000e0000000,0x00000000fab80000,0x00000000fab80000)
  from space 42496K, 16% used [0x00000000fab80000,0x00000000fb22c238,0x00000000fd500000)
  to   space 41984K, 0% used [0x00000000fd700000,0x00000000fd700000,0x0000000100000000)
 ParOldGen       total 149504K, used 99368K [0x00000000a0000000, 0x00000000a9200000, 0x00000000e0000000)
  object space 149504K, 66% used [0x00000000a0000000,0x00000000a610a208,0x00000000a9200000)
 Metaspace       used 88526K, capacity 93152K, committed 93312K, reserved 1130496K
  class space    used 11536K, capacity 12554K, committed 12672K, reserved 1048576K
Event: 140.918 GC heap after
Heap after GC invocations=17 (full 3):
 PSYoungGen      total 477184K, used 12437K [0x00000000e0000000, 0x00000000ffb80000, 0x0000000100000000)
  eden space 439808K, 0% used [0x00000000e0000000,0x00000000e0000000,0x00000000fad80000)
  from space 37376K, 33% used [0x00000000fd700000,0x00000000fe325760,0x00000000ffb80000)
  to   space 39936K, 0% used [0x00000000fad80000,0x00000000fad80000,0x00000000fd480000)
 ParOldGen       total 149504K, used 99648K [0x00000000a0000000, 0x00000000a9200000, 0x00000000e0000000)
  object space 149504K, 66% used [0x00000000a0000000,0x00000000a6150228,0x00000000a9200000)
 Metaspace       used 88526K, capacity 93152K, committed 93312K, reserved 1130496K
  class space    used 11536K, capacity 12554K, committed 12672K, reserved 1048576K
}
Event: 141.880 GC heap before
{Heap before GC invocations=18 (full 3):
 PSYoungGen      total 477184K, used 452245K [0x00000000e0000000, 0x00000000ffb80000, 0x0000000100000000)
  eden space 439808K, 100% used [0x00000000e0000000,0x00000000fad80000,0x00000000fad80000)
  from space 37376K, 33% used [0x00000000fd700000,0x00000000fe325760,0x00000000ffb80000)
  to   space 39936K, 0% used [0x00000000fad80000,0x00000000fad80000,0x00000000fd480000)
 ParOldGen       total 149504K, used 99648K [0x00000000a0000000, 0x00000000a9200000, 0x00000000e0000000)
  object space 149504K, 66% used [0x00000000a0000000,0x00000000a6150228,0x00000000a9200000)
 Metaspace       used 88576K, capacity 93164K, committed 93312K, reserved 1130496K
  class space    used 11537K, capacity 12556K, committed 12672K, reserved 1048576K
Event: 141.886 GC heap after
Heap after GC invocations=18 (full 3):
 PSYoungGen      total 479744K, used 2743K [0x00000000e0000000, 0x0000000100000000, 0x0000000100000000)
  eden space 439808K, 0% used [0x00000000e0000000,0x00000000e0000000,0x00000000fad80000)
  from space 39936K, 6% used [0x00000000fad80000,0x00000000fb02dda8,0x00000000fd480000)
  to   space 39936K, 0% used [0x00000000fd900000,0x00000000fd900000,0x0000000100000000)
 ParOldGen       total 149504K, used 102380K [0x00000000a0000000, 0x00000000a9200000, 0x00000000e0000000)
  object space 149504K, 68% used [0x00000000a0000000,0x00000000a63fb250,0x00000000a9200000)
 Metaspace       used 88576K, capacity 93164K, committed 93312K, reserved 1130496K
  class space    used 11537K, capacity 12556K, committed 12672K, reserved 1048576K
}

Deoptimization events (10 events):
Event: 140.979 Thread 0x000000001dcd5800 Uncommon trap: reason=unstable_if action=reinterpret pc=0x000000000556f3f8 method=com.android.tools.r8.graph.DexString.decode()Ljava/lang/String; @ 53
Event: 141.027 Thread 0x000000001dcd2800 Uncommon trap: reason=class_check action=maybe_recompile pc=0x00000000042a3eb0 method=java.util.zip.InflaterInputStream.read()I @ 11
Event: 141.027 Thread 0x000000001dcd2800 Uncommon trap: reason=class_check action=maybe_recompile pc=0x00000000042a3eb0 method=java.util.zip.InflaterInputStream.read()I @ 11
Event: 141.028 Thread 0x000000001dcd2800 Uncommon trap: reason=class_check action=maybe_recompile pc=0x00000000042a3eb0 method=java.util.zip.InflaterInputStream.read()I @ 11
Event: 141.028 Thread 0x000000001dcd2800 Uncommon trap: reason=class_check action=maybe_recompile pc=0x00000000042a3eb0 method=java.util.zip.InflaterInputStream.read()I @ 11
Event: 141.156 Thread 0x000000001dcd0800 Uncommon trap: reason=unstable_if action=reinterpret pc=0x0000000005e5fcf8 method=com.android.tools.r8.ir.optimize.PeepholeOptimizer.removeWideConstantCovering(Ljava/util/Map;I)V @ 27
Event: 141.736 Thread 0x000000001dcd5800 Uncommon trap: reason=unstable_if action=reinterpret pc=0x00000000057a7c4c method=com.android.tools.r8.ir.code.Position.equals(Ljava/lang/Object;)Z @ 27
Event: 141.920 Thread 0x000000001dcd2800 Uncommon trap: reason=unstable_if action=reinterpret pc=0x000000000507ab38 method=java.nio.file.FileTreeWalker.getAttributes(Ljava/nio/file/Path;Z)Ljava/nio/file/attribute/BasicFileAttributes; @ 35
Event: 142.017 Thread 0x000000001dcd2800 Uncommon trap: reason=unstable_if action=reinterpret pc=0x0000000005ceefe4 method=com.android.tools.r8.ir.code.Value.isDead(Lcom/android/tools/r8/utils/InternalOptions;Ljava/util/Set;)Z @ 127
Event: 142.209 Thread 0x000000001dcd5800 Uncommon trap: reason=unstable_if action=reinterpret pc=0x0000000005d76acc method=java.util.TimSort.mergeCollapse()V @ 61

Classes redefined (0 events):
No events

Internal exceptions (10 events):
Event: 142.189 Thread 0x000000001dcd8000 Exception <a 'sun/nio/fs/WindowsException'> (0x00000000e3632ad8) thrown at [D:\src\AOSP-openjdk-cygwin\jdk8u\hotspot\src\share\vm\prims\jni.cpp, line 709]
Event: 142.191 Thread 0x000000001dcd2800 Exception <a 'sun/nio/fs/WindowsException'> (0x00000000e46b78f8) thrown at [D:\src\AOSP-openjdk-cygwin\jdk8u\hotspot\src\share\vm\prims\jni.cpp, line 709]
Event: 142.192 Thread 0x000000001dcd8000 Exception <a 'sun/nio/fs/WindowsException'> (0x00000000e3633148) thrown at [D:\src\AOSP-openjdk-cygwin\jdk8u\hotspot\src\share\vm\prims\jni.cpp, line 709]
Event: 142.192 Thread 0x000000001dcd8000 Exception <a 'sun/nio/fs/WindowsException'> (0x00000000e36338b0) thrown at [D:\src\AOSP-openjdk-cygwin\jdk8u\hotspot\src\share\vm\prims\jni.cpp, line 709]
Event: 142.192 Thread 0x000000001dcd8000 Exception <a 'sun/nio/fs/WindowsException'> (0x00000000e3634110) thrown at [D:\src\AOSP-openjdk-cygwin\jdk8u\hotspot\src\share\vm\prims\jni.cpp, line 709]
Event: 142.193 Thread 0x000000001dcd5800 Exception <a 'sun/nio/fs/WindowsException'> (0x00000000e4ac93e0) thrown at [D:\src\AOSP-openjdk-cygwin\jdk8u\hotspot\src\share\vm\prims\jni.cpp, line 709]
Event: 142.204 Thread 0x000000001dcd8000 Exception <a 'sun/nio/fs/WindowsException'> (0x00000000e363c5a8) thrown at [D:\src\AOSP-openjdk-cygwin\jdk8u\hotspot\src\share\vm\prims\jni.cpp, line 709]
Event: 142.206 Thread 0x000000001dcd0800 Exception <a 'sun/nio/fs/WindowsException'> (0x00000000e505e6a0) thrown at [D:\src\AOSP-openjdk-cygwin\jdk8u\hotspot\src\share\vm\prims\jni.cpp, line 709]
Event: 142.211 Thread 0x000000001dcd5800 Exception <a 'sun/nio/fs/WindowsException'> (0x00000000e5226900) thrown at [D:\src\AOSP-openjdk-cygwin\jdk8u\hotspot\src\share\vm\prims\jni.cpp, line 709]
Event: 142.212 Thread 0x000000001dcd2800 Exception <a 'sun/nio/fs/WindowsException'> (0x00000000e46c03b0) thrown at [D:\src\AOSP-openjdk-cygwin\jdk8u\hotspot\src\share\vm\prims\jni.cpp, line 709]

Events (10 events):
Event: 142.103 Thread 0x0000000019003000 flushing nmethod 0x0000000005a77450
Event: 142.103 Thread 0x0000000019003000 flushing nmethod 0x0000000005abc8d0
Event: 142.103 Thread 0x0000000019003000 flushing nmethod 0x0000000005abde10
Event: 142.103 Thread 0x0000000019003000 flushing nmethod 0x0000000005ac4590
Event: 142.103 Thread 0x0000000019003000 flushing nmethod 0x0000000005b4d890
Event: 142.103 Thread 0x0000000019003000 flushing nmethod 0x0000000005b656d0
Event: 142.103 Thread 0x0000000019003000 flushing nmethod 0x0000000005b685d0
Event: 142.209 Thread 0x000000001dcd5800 Uncommon trap: trap_request=0xffffff65 fr.pc=0x0000000005d76acc
Event: 142.209 Thread 0x000000001dcd5800 DEOPT PACKING pc=0x0000000005d76acc sp=0x000000002c7ee180
Event: 142.209 Thread 0x000000001dcd5800 DEOPT UNPACKING pc=0x000000000335557b sp=0x000000002c7ee100 mode 2


Dynamic libraries:
0x00007ff7af5b0000 - 0x00007ff7af5e1000 	C:\Program Files\Android\android-studio-canary\jre\bin\java.exe
0x00007ffa1e2e0000 - 0x00007ffa1e4c1000 	C:\WINDOWS\SYSTEM32\ntdll.dll
0x00007ffa1be90000 - 0x00007ffa1bf42000 	C:\WINDOWS\System32\KERNEL32.DLL
0x00007ffa1aa80000 - 0x00007ffa1acf3000 	C:\WINDOWS\System32\KERNELBASE.dll
0x00007ffa1c330000 - 0x00007ffa1c3d1000 	C:\WINDOWS\System32\ADVAPI32.dll
0x00007ffa1c1c0000 - 0x00007ffa1c25e000 	C:\WINDOWS\System32\msvcrt.dll
0x00007ffa1c2c0000 - 0x00007ffa1c31b000 	C:\WINDOWS\System32\sechost.dll
0x00007ffa1b770000 - 0x00007ffa1b894000 	C:\WINDOWS\System32\RPCRT4.dll
0x00007ffa1b8a0000 - 0x00007ffa1ba30000 	C:\WINDOWS\System32\USER32.dll
0x00007ffa1aef0000 - 0x00007ffa1af10000 	C:\WINDOWS\System32\win32u.dll
0x00007ffa1c510000 - 0x00007ffa1c538000 	C:\WINDOWS\System32\GDI32.dll
0x00007ffa1ad00000 - 0x00007ffa1ae92000 	C:\WINDOWS\System32\gdi32full.dll
0x00007ffa1b620000 - 0x00007ffa1b6bf000 	C:\WINDOWS\System32\msvcp_win.dll
0x00007ffa1a980000 - 0x00007ffa1aa7a000 	C:\WINDOWS\System32\ucrtbase.dll
0x00007ffa109b0000 - 0x00007ffa10c19000 	C:\WINDOWS\WinSxS\amd64_microsoft.windows.common-controls_6595b64144ccf1df_6.0.17134.48_none_b4b2216a3cb4dd3e\COMCTL32.dll
0x00007ffa1df80000 - 0x00007ffa1e2a3000 	C:\WINDOWS\System32\combase.dll
0x00007ffa1a710000 - 0x00007ffa1a78a000 	C:\WINDOWS\System32\bcryptPrimitives.dll
0x00007ffa1c3e0000 - 0x00007ffa1c40d000 	C:\WINDOWS\System32\IMM32.DLL
0x000000005b890000 - 0x000000005b962000 	C:\Program Files\Android\android-studio-canary\jre\jre\bin\msvcr100.dll
0x000000005b970000 - 0x000000005c1b1000 	C:\Program Files\Android\android-studio-canary\jre\jre\bin\server\jvm.dll
0x00007ffa1c320000 - 0x00007ffa1c328000 	C:\WINDOWS\System32\PSAPI.DLL
0x00007ffa13ed0000 - 0x00007ffa13ed9000 	C:\WINDOWS\SYSTEM32\WSOCK32.dll
0x00007ffa15880000 - 0x00007ffa158a3000 	C:\WINDOWS\SYSTEM32\WINMM.dll
0x00007ffa1bf50000 - 0x00007ffa1bfbc000 	C:\WINDOWS\System32\WS2_32.dll
0x00007ffa17f30000 - 0x00007ffa17f3a000 	C:\WINDOWS\SYSTEM32\VERSION.dll
0x00007ffa15850000 - 0x00007ffa1587a000 	C:\WINDOWS\SYSTEM32\WINMMBASE.dll
0x00007ffa1aea0000 - 0x00007ffa1aee9000 	C:\WINDOWS\System32\cfgmgr32.dll
0x00007ffa17ba0000 - 0x00007ffa17baf000 	C:\Program Files\Android\android-studio-canary\jre\jre\bin\verify.dll
0x00007ffa158b0000 - 0x00007ffa158d9000 	C:\Program Files\Android\android-studio-canary\jre\jre\bin\java.dll
0x00007ffa13ee0000 - 0x00007ffa13ef6000 	C:\Program Files\Android\android-studio-canary\jre\jre\bin\zip.dll
0x00007ffa1cb40000 - 0x00007ffa1df80000 	C:\WINDOWS\System32\SHELL32.dll
0x00007ffa1bb20000 - 0x00007ffa1bbc9000 	C:\WINDOWS\System32\shcore.dll
0x00007ffa1af10000 - 0x00007ffa1b61d000 	C:\WINDOWS\System32\windows.storage.dll
0x00007ffa1c4b0000 - 0x00007ffa1c501000 	C:\WINDOWS\System32\shlwapi.dll
0x00007ffa1a600000 - 0x00007ffa1a611000 	C:\WINDOWS\System32\kernel.appcore.dll
0x00007ffa1a620000 - 0x00007ffa1a63f000 	C:\WINDOWS\System32\profapi.dll
0x00007ffa1a660000 - 0x00007ffa1a6ac000 	C:\WINDOWS\System32\powrprof.dll
0x00007ffa1a5f0000 - 0x00007ffa1a5fa000 	C:\WINDOWS\System32\FLTLIB.DLL
0x00007ffa13da0000 - 0x00007ffa13dba000 	C:\Program Files\Android\android-studio-canary\jre\jre\bin\net.dll
0x00007ffa19b10000 - 0x00007ffa19b76000 	C:\WINDOWS\system32\mswsock.dll
0x00007ffa0f650000 - 0x00007ffa0f661000 	C:\Program Files\Android\android-studio-canary\jre\jre\bin\nio.dll
0x00007ff9f2870000 - 0x00007ff9f288e000 	C:\Users\cngz\.gradle\native\25\windows-amd64\native-platform.dll
0x00007ffa13d90000 - 0x00007ffa13d9d000 	C:\Program Files\Android\android-studio-canary\jre\jre\bin\management.dll
0x00007ffa1a310000 - 0x00007ffa1a327000 	C:\WINDOWS\SYSTEM32\CRYPTSP.dll
0x00007ffa196f0000 - 0x00007ffa19723000 	C:\WINDOWS\system32\rsaenh.dll
0x00007ffa19f80000 - 0x00007ffa19fa5000 	C:\WINDOWS\SYSTEM32\bcrypt.dll
0x00007ffa1a520000 - 0x00007ffa1a548000 	C:\WINDOWS\SYSTEM32\USERENV.dll
0x00007ffa19cc0000 - 0x00007ffa19ccb000 	C:\WINDOWS\SYSTEM32\CRYPTBASE.dll
0x00007ffa19890000 - 0x00007ffa198c8000 	C:\WINDOWS\SYSTEM32\IPHLPAPI.DLL
0x00007ffa1be80000 - 0x00007ffa1be88000 	C:\WINDOWS\System32\NSI.dll
0x00007ffa11940000 - 0x00007ffa11956000 	C:\WINDOWS\SYSTEM32\dhcpcsvc6.DLL
0x00007ffa11d00000 - 0x00007ffa11d1a000 	C:\WINDOWS\SYSTEM32\dhcpcsvc.DLL
0x00007ffa0e8b0000 - 0x00007ffa0e8d4000 	C:\Program Files\Android\android-studio-canary\jre\jre\bin\sunec.dll
0x00007ffa198d0000 - 0x00007ffa1998e000 	C:\WINDOWS\SYSTEM32\DNSAPI.dll
0x00007ffa10990000 - 0x00007ffa1099a000 	C:\Windows\System32\rasadhlp.dll
0x00007ffa11980000 - 0x00007ffa119f2000 	C:\WINDOWS\System32\fwpuclnt.dll
0x00007ffa0fb20000 - 0x00007ffa0fb2b000 	C:\Program Files\Android\android-studio-canary\jre\jre\bin\sunmscapi.dll
0x00007ffa1a790000 - 0x00007ffa1a972000 	C:\WINDOWS\System32\CRYPT32.dll
0x00007ffa1a640000 - 0x00007ffa1a652000 	C:\WINDOWS\System32\MSASN1.dll
0x00007ffa19fb0000 - 0x00007ffa1a179000 	C:\WINDOWS\SYSTEM32\dbghelp.dll

VM Arguments:
jvm_args: -Xmx1536m -Dfile.encoding=windows-1254 -Duser.country=TR -Duser.language=tr -Duser.variant 
java_command: org.gradle.launcher.daemon.bootstrap.GradleDaemon 4.6
java_class_path (initial): C:\Users\cngz\.gradle\wrapper\dists\gradle-4.6-all\bcst21l2brirad8k2ben1letg\gradle-4.6\lib\gradle-launcher-4.6.jar
Launcher Type: SUN_STANDARD

Environment Variables:
PATH=C:\WINDOWS\system32;C:\WINDOWS;C:\WINDOWS\System32\Wbem;C:\WINDOWS\System32\WindowsPowerShell\v1.0\;C:\Program Files\Microsoft\Web Platform Installer\;C:\Program Files (x86)\Microsoft ASP.NET\ASP.NET Web Pages\v1.0\;C:\Program Files (x86)\Windows Kits\8.0\Windows Performance Toolkit\;C:\Program Files\Microsoft SQL Server\110\Tools\Binn\;C:\Program Files (x86)\Microsoft SQL Server\90\Tools\binn\;C:\Program Files\Microsoft SQL Server\Client SDK\ODBC\110\Tools\Binn\;C:\Program Files (x86)\Microsoft SQL Server\120\Tools\Binn\;C:\Program Files\Microsoft SQL Server\120\Tools\Binn\;C:\Program Files\Microsoft SQL Server\120\DTS\Binn\;C:\Program Files (x86)\Microsoft SQL Server\120\Tools\Binn\ManagementStudio\;C:\Program Files (x86)\Microsoft SQL Server\120\DTS\Binn\;C:\Program Files\MySQL\MySQL Utilities 1.6\;C:\Program Files (x86)\GtkSharp\2.12\bin;C:\WINDOWS\System32\OpenSSH\;C:\Users\cngz\AppData\Local\Microsoft\WindowsApps;C:\Program Files\Java\jdk1.8.0_121\bin\java.exe;C:\Program Files\Java\jdk1.8.0_121\bin\javaw.exe;
USERNAME=cngz
OS=Windows_NT
PROCESSOR_IDENTIFIER=Intel64 Family 6 Model 58 Stepping 9, GenuineIntel



---------------  S Y S T E M  ---------------

OS: Windows 10.0 , 64 bit Build 17134 (10.0.17134.1)

CPU:total 8 (initial active 8) (4 cores per cpu, 2 threads per core) family 6 model 58 stepping 9, cmov, cx8, fxsr, mmx, sse, sse2, sse3, ssse3, sse4.1, sse4.2, popcnt, avx, aes, clmul, erms, ht, tsc, tscinvbit, tscinv

Memory: 4k page, physical 16671536k(6221244k free), swap 19686192k(6142020k free)

vm_info: OpenJDK 64-Bit Server VM (25.152-b03) for windows-amd64 JRE (1.8.0_152-release-1136-b03), built by "builder" with MS VC++ 10.0 (VS2010)

time: Tue May 15 22:47:28 2018
elapsed time: 142 seconds (0d 0h 2m 22s)

